[0.100s] DEBUG:colcon:Command line arguments: ['/usr/bin/colcon', 'build', '--packages-up-to', 'more_interfaces']
[0.100s] DEBUG:colcon:Parsed command line arguments: Namespace(log_base=None, log_level=None, verb_name='build', build_base='build', install_base='install', merge_install=False, symlink_install=False, test_result_base=None, continue_on_error=False, executor='parallel', parallel_workers=8, event_handlers=None, ignore_user_meta=False, metas=['./colcon.meta'], base_paths=['.'], packages_ignore=None, packages_ignore_regex=None, paths=None, packages_up_to=['more_interfaces'], packages_up_to_regex=None, packages_above=None, packages_above_and_dependencies=None, packages_above_depth=None, packages_select_by_dep=None, packages_skip_by_dep=None, packages_skip_up_to=None, packages_select_build_failed=False, packages_skip_build_finished=False, packages_select_test_failures=False, packages_skip_test_passed=False, packages_select=None, packages_skip=None, packages_select_regex=None, packages_skip_regex=None, packages_start=None, packages_end=None, allow_overriding=[], cmake_args=None, cmake_target=None, cmake_target_skip_unavailable=False, cmake_clean_cache=False, cmake_clean_first=False, cmake_force_configure=False, ament_cmake_args=None, catkin_cmake_args=None, catkin_skip_building_tests=False, mixin_files=None, mixin=None, verb_parser=<colcon_mixin.mixin.mixin_argument.MixinArgumentDecorator object at 0x7a135d395fc0>, verb_extension=<colcon_core.verb.build.BuildVerb object at 0x7a135d395ba0>, main=<bound method BuildVerb.main of <colcon_core.verb.build.BuildVerb object at 0x7a135d395ba0>>, mixin_verb=('build',))
[0.146s] Level 1:colcon.colcon_core.package_discovery:discover_packages(colcon_meta) check parameters
[0.147s] Level 1:colcon.colcon_core.package_discovery:discover_packages(recursive) check parameters
[0.147s] Level 1:colcon.colcon_core.package_discovery:discover_packages(ignore) check parameters
[0.147s] Level 1:colcon.colcon_core.package_discovery:discover_packages(path) check parameters
[0.147s] Level 1:colcon.colcon_core.package_discovery:discover_packages(colcon_meta) discover
[0.147s] Level 1:colcon.colcon_core.package_discovery:discover_packages(recursive) discover
[0.147s] INFO:colcon.colcon_core.package_discovery:Crawling recursively for packages in '/home/zi/Desktop/robotica/PRATICAS/pratica_1/PARTE_C'
[0.147s] Level 1:colcon.colcon_core.package_identification:_identify(.) by extensions ['ignore', 'ignore_ament_install']
[0.147s] Level 1:colcon.colcon_core.package_identification:_identify(.) by extension 'ignore'
[0.147s] Level 1:colcon.colcon_core.package_identification:_identify(.) by extension 'ignore_ament_install'
[0.147s] Level 1:colcon.colcon_core.package_identification:_identify(.) by extensions ['colcon_pkg']
[0.147s] Level 1:colcon.colcon_core.package_identification:_identify(.) by extension 'colcon_pkg'
[0.147s] Level 1:colcon.colcon_core.package_identification:_identify(.) by extensions ['colcon_meta']
[0.147s] Level 1:colcon.colcon_core.package_identification:_identify(.) by extension 'colcon_meta'
[0.147s] Level 1:colcon.colcon_core.package_identification:_identify(.) by extensions ['ros']
[0.147s] Level 1:colcon.colcon_core.package_identification:_identify(.) by extension 'ros'
[0.149s] Level 1:colcon.colcon_core.package_identification:_identify(.) by extensions ['cmake', 'python']
[0.150s] Level 1:colcon.colcon_core.package_identification:_identify(.) by extension 'cmake'
[0.150s] Level 1:colcon.colcon_core.package_identification:_identify(.) by extension 'python'
[0.150s] Level 1:colcon.colcon_core.package_identification:_identify(.) by extensions ['python_setup_py']
[0.150s] Level 1:colcon.colcon_core.package_identification:_identify(.) by extension 'python_setup_py'
[0.150s] Level 1:colcon.colcon_core.package_identification:_identify(build) by extensions ['ignore', 'ignore_ament_install']
[0.150s] Level 1:colcon.colcon_core.package_identification:_identify(build) by extension 'ignore'
[0.150s] Level 1:colcon.colcon_core.package_identification:_identify(build) ignored
[0.150s] Level 1:colcon.colcon_core.package_identification:_identify(install) by extensions ['ignore', 'ignore_ament_install']
[0.150s] Level 1:colcon.colcon_core.package_identification:_identify(install) by extension 'ignore'
[0.150s] Level 1:colcon.colcon_core.package_identification:_identify(install) ignored
[0.150s] Level 1:colcon.colcon_core.package_identification:_identify(log) by extensions ['ignore', 'ignore_ament_install']
[0.150s] Level 1:colcon.colcon_core.package_identification:_identify(log) by extension 'ignore'
[0.150s] Level 1:colcon.colcon_core.package_identification:_identify(log) ignored
[0.150s] Level 1:colcon.colcon_core.package_identification:_identify(src) by extensions ['ignore', 'ignore_ament_install']
[0.150s] Level 1:colcon.colcon_core.package_identification:_identify(src) by extension 'ignore'
[0.150s] Level 1:colcon.colcon_core.package_identification:_identify(src) by extension 'ignore_ament_install'
[0.150s] Level 1:colcon.colcon_core.package_identification:_identify(src) by extensions ['colcon_pkg']
[0.150s] Level 1:colcon.colcon_core.package_identification:_identify(src) by extension 'colcon_pkg'
[0.151s] Level 1:colcon.colcon_core.package_identification:_identify(src) by extensions ['colcon_meta']
[0.151s] Level 1:colcon.colcon_core.package_identification:_identify(src) by extension 'colcon_meta'
[0.151s] Level 1:colcon.colcon_core.package_identification:_identify(src) by extensions ['ros']
[0.151s] Level 1:colcon.colcon_core.package_identification:_identify(src) by extension 'ros'
[0.151s] Level 1:colcon.colcon_core.package_identification:_identify(src) by extensions ['cmake', 'python']
[0.151s] Level 1:colcon.colcon_core.package_identification:_identify(src) by extension 'cmake'
[0.151s] Level 1:colcon.colcon_core.package_identification:_identify(src) by extension 'python'
[0.151s] Level 1:colcon.colcon_core.package_identification:_identify(src) by extensions ['python_setup_py']
[0.151s] Level 1:colcon.colcon_core.package_identification:_identify(src) by extension 'python_setup_py'
[0.151s] Level 1:colcon.colcon_core.package_identification:_identify(src/more_interfaces) by extensions ['ignore', 'ignore_ament_install']
[0.151s] Level 1:colcon.colcon_core.package_identification:_identify(src/more_interfaces) by extension 'ignore'
[0.151s] Level 1:colcon.colcon_core.package_identification:_identify(src/more_interfaces) by extension 'ignore_ament_install'
[0.151s] Level 1:colcon.colcon_core.package_identification:_identify(src/more_interfaces) by extensions ['colcon_pkg']
[0.151s] Level 1:colcon.colcon_core.package_identification:_identify(src/more_interfaces) by extension 'colcon_pkg'
[0.151s] Level 1:colcon.colcon_core.package_identification:_identify(src/more_interfaces) by extensions ['colcon_meta']
[0.151s] Level 1:colcon.colcon_core.package_identification:_identify(src/more_interfaces) by extension 'colcon_meta'
[0.151s] Level 1:colcon.colcon_core.package_identification:_identify(src/more_interfaces) by extensions ['ros']
[0.151s] Level 1:colcon.colcon_core.package_identification:_identify(src/more_interfaces) by extension 'ros'
[0.153s] DEBUG:colcon.colcon_core.package_identification:Package 'src/more_interfaces' with type 'ros.ament_cmake' and name 'more_interfaces'
[0.153s] Level 1:colcon.colcon_core.package_discovery:discover_packages(recursive) using defaults
[0.153s] Level 1:colcon.colcon_core.package_discovery:discover_packages(ignore) discover
[0.153s] Level 1:colcon.colcon_core.package_discovery:discover_packages(ignore) using defaults
[0.153s] Level 1:colcon.colcon_core.package_discovery:discover_packages(path) discover
[0.153s] Level 1:colcon.colcon_core.package_discovery:discover_packages(path) using defaults
[0.168s] Level 1:colcon.colcon_core.package_discovery:discover_packages(prefix_path) check parameters
[0.168s] Level 1:colcon.colcon_core.package_discovery:discover_packages(prefix_path) discover
[0.169s] DEBUG:colcon.colcon_installed_package_information.package_discovery:Found 271 installed packages in /opt/ros/humble
[0.170s] Level 1:colcon.colcon_core.package_discovery:discover_packages(prefix_path) using defaults
[0.198s] Level 5:colcon.colcon_core.verb:set package 'more_interfaces' build argument 'cmake_args' from command line to 'None'
[0.198s] Level 5:colcon.colcon_core.verb:set package 'more_interfaces' build argument 'cmake_target' from command line to 'None'
[0.198s] Level 5:colcon.colcon_core.verb:set package 'more_interfaces' build argument 'cmake_target_skip_unavailable' from command line to 'False'
[0.198s] Level 5:colcon.colcon_core.verb:set package 'more_interfaces' build argument 'cmake_clean_cache' from command line to 'False'
[0.198s] Level 5:colcon.colcon_core.verb:set package 'more_interfaces' build argument 'cmake_clean_first' from command line to 'False'
[0.198s] Level 5:colcon.colcon_core.verb:set package 'more_interfaces' build argument 'cmake_force_configure' from command line to 'False'
[0.198s] Level 5:colcon.colcon_core.verb:set package 'more_interfaces' build argument 'ament_cmake_args' from command line to 'None'
[0.198s] Level 5:colcon.colcon_core.verb:set package 'more_interfaces' build argument 'catkin_cmake_args' from command line to 'None'
[0.198s] Level 5:colcon.colcon_core.verb:set package 'more_interfaces' build argument 'catkin_skip_building_tests' from command line to 'False'
[0.198s] DEBUG:colcon.colcon_core.verb:Building package 'more_interfaces' with the following arguments: {'ament_cmake_args': None, 'build_base': '/home/zi/Desktop/robotica/PRATICAS/pratica_1/PARTE_C/build/more_interfaces', 'catkin_cmake_args': None, 'catkin_skip_building_tests': False, 'cmake_args': None, 'cmake_clean_cache': False, 'cmake_clean_first': False, 'cmake_force_configure': False, 'cmake_target': None, 'cmake_target_skip_unavailable': False, 'install_base': '/home/zi/Desktop/robotica/PRATICAS/pratica_1/PARTE_C/install/more_interfaces', 'merge_install': False, 'path': '/home/zi/Desktop/robotica/PRATICAS/pratica_1/PARTE_C/src/more_interfaces', 'symlink_install': False, 'test_result_base': None}
[0.199s] INFO:colcon.colcon_core.executor:Executing jobs using 'parallel' executor
[0.200s] DEBUG:colcon.colcon_parallel_executor.executor.parallel:run_until_complete
[0.200s] INFO:colcon.colcon_ros.task.ament_cmake.build:Building ROS package in '/home/zi/Desktop/robotica/PRATICAS/pratica_1/PARTE_C/src/more_interfaces' with build type 'ament_cmake'
[0.200s] INFO:colcon.colcon_cmake.task.cmake.build:Building CMake package in '/home/zi/Desktop/robotica/PRATICAS/pratica_1/PARTE_C/src/more_interfaces'
[0.202s] INFO:colcon.colcon_core.plugin_system:Skipping extension 'colcon_core.shell.bat': Not used on non-Windows systems
[0.202s] INFO:colcon.colcon_core.shell:Skip shell extension 'powershell' for command environment: Not usable outside of PowerShell
[0.202s] DEBUG:colcon.colcon_core.shell:Skip shell extension 'dsv' for command environment
[0.208s] DEBUG:colcon.colcon_core.event_handler.log_command:Invoking command in '/home/zi/Desktop/robotica/PRATICAS/pratica_1/PARTE_C/build/more_interfaces': CMAKE_PREFIX_PATH=/opt/ros/humble /usr/bin/cmake --build /home/zi/Desktop/robotica/PRATICAS/pratica_1/PARTE_C/build/more_interfaces -- -j8 -l8
[4.659s] DEBUG:colcon.colcon_core.event_handler.log_command:Invoked command in '/home/zi/Desktop/robotica/PRATICAS/pratica_1/PARTE_C/build/more_interfaces' returned '2': CMAKE_PREFIX_PATH=/opt/ros/humble /usr/bin/cmake --build /home/zi/Desktop/robotica/PRATICAS/pratica_1/PARTE_C/build/more_interfaces -- -j8 -l8
[4.659s] Level 1:colcon.colcon_core.environment:create_environment_scripts_only(more_interfaces)
[4.661s] Level 1:colcon.colcon_core.environment:checking '/home/zi/Desktop/robotica/PRATICAS/pratica_1/PARTE_C/install/more_interfaces' for CMake module files
[4.662s] Level 1:colcon.colcon_core.environment:checking '/home/zi/Desktop/robotica/PRATICAS/pratica_1/PARTE_C/install/more_interfaces' for CMake config files
[4.662s] Level 1:colcon.colcon_core.environment:checking '/home/zi/Desktop/robotica/PRATICAS/pratica_1/PARTE_C/install/more_interfaces/bin'
[4.662s] Level 1:colcon.colcon_core.environment:checking '/home/zi/Desktop/robotica/PRATICAS/pratica_1/PARTE_C/install/more_interfaces/lib/pkgconfig/more_interfaces.pc'
[4.662s] Level 1:colcon.colcon_core.environment:checking '/home/zi/Desktop/robotica/PRATICAS/pratica_1/PARTE_C/install/more_interfaces/lib/python3.10/site-packages'
[4.663s] Level 1:colcon.colcon_core.environment:checking '/home/zi/Desktop/robotica/PRATICAS/pratica_1/PARTE_C/install/more_interfaces/bin'
[4.663s] INFO:colcon.colcon_core.shell:Creating package script '/home/zi/Desktop/robotica/PRATICAS/pratica_1/PARTE_C/install/more_interfaces/share/more_interfaces/package.ps1'
[4.664s] INFO:colcon.colcon_core.shell:Creating package descriptor '/home/zi/Desktop/robotica/PRATICAS/pratica_1/PARTE_C/install/more_interfaces/share/more_interfaces/package.dsv'
[4.664s] INFO:colcon.colcon_core.shell:Creating package script '/home/zi/Desktop/robotica/PRATICAS/pratica_1/PARTE_C/install/more_interfaces/share/more_interfaces/package.sh'
[4.664s] INFO:colcon.colcon_core.shell:Creating package script '/home/zi/Desktop/robotica/PRATICAS/pratica_1/PARTE_C/install/more_interfaces/share/more_interfaces/package.bash'
[4.665s] INFO:colcon.colcon_core.shell:Creating package script '/home/zi/Desktop/robotica/PRATICAS/pratica_1/PARTE_C/install/more_interfaces/share/more_interfaces/package.zsh'
[4.666s] Level 1:colcon.colcon_core.environment:create_file_with_runtime_dependencies(/home/zi/Desktop/robotica/PRATICAS/pratica_1/PARTE_C/install/more_interfaces/share/colcon-core/packages/more_interfaces)
[4.676s] DEBUG:colcon.colcon_parallel_executor.executor.parallel:closing loop
[4.676s] DEBUG:colcon.colcon_parallel_executor.executor.parallel:loop closed
[4.676s] DEBUG:colcon.colcon_parallel_executor.executor.parallel:run_until_complete finished with '2'
[4.676s] DEBUG:colcon.colcon_core.event_reactor:joining thread
[4.690s] INFO:colcon.colcon_core.plugin_system:Skipping extension 'colcon_notification.desktop_notification.terminal_notifier': Not used on non-Darwin systems
[4.690s] INFO:colcon.colcon_core.plugin_system:Skipping extension 'colcon_notification.desktop_notification.win32': Not used on non-Windows systems
[4.691s] INFO:colcon.colcon_notification.desktop_notification:Sending desktop notification using 'notify2'
[4.701s] DEBUG:colcon.colcon_core.event_reactor:joined thread
[4.701s] INFO:colcon.colcon_core.shell:Creating prefix script '/home/zi/Desktop/robotica/PRATICAS/pratica_1/PARTE_C/install/local_setup.ps1'
[4.702s] INFO:colcon.colcon_core.shell:Creating prefix util module '/home/zi/Desktop/robotica/PRATICAS/pratica_1/PARTE_C/install/_local_setup_util_ps1.py'
[4.703s] INFO:colcon.colcon_core.shell:Creating prefix chain script '/home/zi/Desktop/robotica/PRATICAS/pratica_1/PARTE_C/install/setup.ps1'
[4.704s] INFO:colcon.colcon_core.shell:Creating prefix script '/home/zi/Desktop/robotica/PRATICAS/pratica_1/PARTE_C/install/local_setup.sh'
[4.704s] INFO:colcon.colcon_core.shell:Creating prefix util module '/home/zi/Desktop/robotica/PRATICAS/pratica_1/PARTE_C/install/_local_setup_util_sh.py'
[4.705s] INFO:colcon.colcon_core.shell:Creating prefix chain script '/home/zi/Desktop/robotica/PRATICAS/pratica_1/PARTE_C/install/setup.sh'
[4.706s] INFO:colcon.colcon_core.shell:Creating prefix script '/home/zi/Desktop/robotica/PRATICAS/pratica_1/PARTE_C/install/local_setup.bash'
[4.706s] INFO:colcon.colcon_core.shell:Creating prefix chain script '/home/zi/Desktop/robotica/PRATICAS/pratica_1/PARTE_C/install/setup.bash'
[4.707s] INFO:colcon.colcon_core.shell:Creating prefix script '/home/zi/Desktop/robotica/PRATICAS/pratica_1/PARTE_C/install/local_setup.zsh'
[4.707s] INFO:colcon.colcon_core.shell:Creating prefix chain script '/home/zi/Desktop/robotica/PRATICAS/pratica_1/PARTE_C/install/setup.zsh'
