[0.009s] Invoking command in '/home/zi/Desktop/robotica/PRATICAS/pratica_1/PARTE_A/build/cpp_pubsub': CMAKE_PREFIX_PATH=/opt/ros/humble /usr/bin/cmake /home/zi/Desktop/robotica/PRATICAS/pratica_1/PARTE_A/src/cpp_pubsub -DCMAKE_INSTALL_PREFIX=/home/zi/Desktop/robotica/PRATICAS/pratica_1/PARTE_A/install/cpp_pubsub
[0.048s] -- The C compiler identification is GNU 11.4.0
[0.088s] -- The CXX compiler identification is GNU 11.4.0
[0.093s] -- Detecting C compiler ABI info
[0.141s] -- Detecting C compiler ABI info - done
[0.148s] -- Check for working C compiler: /usr/bin/cc - skipped
[0.148s] -- Detecting C compile features
[0.148s] -- Detecting C compile features - done
[0.151s] -- Detecting CXX compiler ABI info
[0.204s] -- Detecting CXX compiler ABI info - done
[0.211s] -- Check for working CXX compiler: /usr/bin/c++ - skipped
[0.211s] -- Detecting CXX compile features
[0.211s] -- Detecting CXX compile features - done
[0.213s] -- Found ament_cmake: 1.3.12 (/opt/ros/humble/share/ament_cmake/cmake)
[0.545s] -- Found Python3: /usr/bin/python3 (found version "3.10.12") found components: Interpreter 
[0.608s] -- Found rclcpp: 16.0.14 (/opt/ros/humble/share/rclcpp/cmake)
[0.637s] -- Found rosidl_generator_c: 3.1.7 (/opt/ros/humble/share/rosidl_generator_c/cmake)
[0.639s] -- Found rosidl_adapter: 3.1.7 (/opt/ros/humble/share/rosidl_adapter/cmake)
[0.645s] -- Found rosidl_generator_cpp: 3.1.7 (/opt/ros/humble/share/rosidl_generator_cpp/cmake)
[0.653s] -- Using all available rosidl_typesupport_c: rosidl_typesupport_fastrtps_c;rosidl_typesupport_introspection_c
[0.665s] -- Using all available rosidl_typesupport_cpp: rosidl_typesupport_fastrtps_cpp;rosidl_typesupport_introspection_cpp
[0.694s] -- Found rmw_implementation_cmake: 6.1.2 (/opt/ros/humble/share/rmw_implementation_cmake/cmake)
[0.696s] -- Found rmw_fastrtps_cpp: 6.2.8 (/opt/ros/humble/share/rmw_fastrtps_cpp/cmake)
[0.754s] -- Found OpenSSL: /usr/lib/x86_64-linux-gnu/libcrypto.so (found version "3.0.2")  
[0.772s] -- Found FastRTPS: /opt/ros/humble/include  
[0.798s] -- Using RMW implementation 'rmw_fastrtps_cpp' as default
[0.803s] -- Looking for pthread.h
[0.856s] -- Looking for pthread.h - found
[0.856s] -- Performing Test CMAKE_HAVE_LIBC_PTHREAD
[0.905s] -- Performing Test CMAKE_HAVE_LIBC_PTHREAD - Success
[0.906s] -- Found Threads: TRUE  
[0.999s] -- Configuring done
[1.008s] -- Generating done
[1.012s] -- Build files have been written to: /home/zi/Desktop/robotica/PRATICAS/pratica_1/PARTE_A/build/cpp_pubsub
[1.021s] Invoked command in '/home/zi/Desktop/robotica/PRATICAS/pratica_1/PARTE_A/build/cpp_pubsub' returned '0': CMAKE_PREFIX_PATH=/opt/ros/humble /usr/bin/cmake /home/zi/Desktop/robotica/PRATICAS/pratica_1/PARTE_A/src/cpp_pubsub -DCMAKE_INSTALL_PREFIX=/home/zi/Desktop/robotica/PRATICAS/pratica_1/PARTE_A/install/cpp_pubsub
[1.022s] Invoking command in '/home/zi/Desktop/robotica/PRATICAS/pratica_1/PARTE_A/build/cpp_pubsub': CMAKE_PREFIX_PATH=/opt/ros/humble /usr/bin/cmake --build /home/zi/Desktop/robotica/PRATICAS/pratica_1/PARTE_A/build/cpp_pubsub -- -j8 -l8
[1.057s] [ 50%] [32mBuilding CXX object CMakeFiles/talker.dir/src/publisher_member_function.cpp.o[0m
[1.057s] [ 50%] [32mBuilding CXX object CMakeFiles/listener.dir/src/subscriber_member_function.cpp.o[0m
[4.635s] [ 75%] [32m[1mLinking CXX executable talker[0m
[4.809s] [ 75%] Built target talker
[7.698s] [100%] [32m[1mLinking CXX executable listener[0m
[7.990s] [100%] Built target listener
[7.999s] Invoked command in '/home/zi/Desktop/robotica/PRATICAS/pratica_1/PARTE_A/build/cpp_pubsub' returned '0': CMAKE_PREFIX_PATH=/opt/ros/humble /usr/bin/cmake --build /home/zi/Desktop/robotica/PRATICAS/pratica_1/PARTE_A/build/cpp_pubsub -- -j8 -l8
[8.007s] Invoking command in '/home/zi/Desktop/robotica/PRATICAS/pratica_1/PARTE_A/build/cpp_pubsub': CMAKE_PREFIX_PATH=/opt/ros/humble /usr/bin/cmake --install /home/zi/Desktop/robotica/PRATICAS/pratica_1/PARTE_A/build/cpp_pubsub
[8.013s] -- Install configuration: ""
[8.013s] -- Installing: /home/zi/Desktop/robotica/PRATICAS/pratica_1/PARTE_A/install/cpp_pubsub/lib/cpp_pubsub/talker
[8.014s] -- Set runtime path of "/home/zi/Desktop/robotica/PRATICAS/pratica_1/PARTE_A/install/cpp_pubsub/lib/cpp_pubsub/talker" to ""
[8.014s] -- Installing: /home/zi/Desktop/robotica/PRATICAS/pratica_1/PARTE_A/install/cpp_pubsub/lib/cpp_pubsub/listener
[8.016s] -- Set runtime path of "/home/zi/Desktop/robotica/PRATICAS/pratica_1/PARTE_A/install/cpp_pubsub/lib/cpp_pubsub/listener" to ""
[8.016s] -- Installing: /home/zi/Desktop/robotica/PRATICAS/pratica_1/PARTE_A/install/cpp_pubsub/share/ament_index/resource_index/package_run_dependencies/cpp_pubsub
[8.016s] -- Installing: /home/zi/Desktop/robotica/PRATICAS/pratica_1/PARTE_A/install/cpp_pubsub/share/ament_index/resource_index/parent_prefix_path/cpp_pubsub
[8.016s] -- Installing: /home/zi/Desktop/robotica/PRATICAS/pratica_1/PARTE_A/install/cpp_pubsub/share/cpp_pubsub/environment/ament_prefix_path.sh
[8.017s] -- Installing: /home/zi/Desktop/robotica/PRATICAS/pratica_1/PARTE_A/install/cpp_pubsub/share/cpp_pubsub/environment/ament_prefix_path.dsv
[8.017s] -- Installing: /home/zi/Desktop/robotica/PRATICAS/pratica_1/PARTE_A/install/cpp_pubsub/share/cpp_pubsub/environment/path.sh
[8.017s] -- Installing: /home/zi/Desktop/robotica/PRATICAS/pratica_1/PARTE_A/install/cpp_pubsub/share/cpp_pubsub/environment/path.dsv
[8.017s] -- Installing: /home/zi/Desktop/robotica/PRATICAS/pratica_1/PARTE_A/install/cpp_pubsub/share/cpp_pubsub/local_setup.bash
[8.018s] -- Installing: /home/zi/Desktop/robotica/PRATICAS/pratica_1/PARTE_A/install/cpp_pubsub/share/cpp_pubsub/local_setup.sh
[8.018s] -- Installing: /home/zi/Desktop/robotica/PRATICAS/pratica_1/PARTE_A/install/cpp_pubsub/share/cpp_pubsub/local_setup.zsh
[8.018s] -- Installing: /home/zi/Desktop/robotica/PRATICAS/pratica_1/PARTE_A/install/cpp_pubsub/share/cpp_pubsub/local_setup.dsv
[8.018s] -- Installing: /home/zi/Desktop/robotica/PRATICAS/pratica_1/PARTE_A/install/cpp_pubsub/share/cpp_pubsub/package.dsv
[8.018s] -- Installing: /home/zi/Desktop/robotica/PRATICAS/pratica_1/PARTE_A/install/cpp_pubsub/share/ament_index/resource_index/packages/cpp_pubsub
[8.018s] -- Installing: /home/zi/Desktop/robotica/PRATICAS/pratica_1/PARTE_A/install/cpp_pubsub/share/cpp_pubsub/cmake/cpp_pubsubConfig.cmake
[8.018s] -- Installing: /home/zi/Desktop/robotica/PRATICAS/pratica_1/PARTE_A/install/cpp_pubsub/share/cpp_pubsub/cmake/cpp_pubsubConfig-version.cmake
[8.018s] -- Installing: /home/zi/Desktop/robotica/PRATICAS/pratica_1/PARTE_A/install/cpp_pubsub/share/cpp_pubsub/package.xml
[8.020s] Invoked command in '/home/zi/Desktop/robotica/PRATICAS/pratica_1/PARTE_A/build/cpp_pubsub' returned '0': CMAKE_PREFIX_PATH=/opt/ros/humble /usr/bin/cmake --install /home/zi/Desktop/robotica/PRATICAS/pratica_1/PARTE_A/build/cpp_pubsub
