[0.008s] Invoking command in '/home/zi/Desktop/robotica/PRATICAS/pratica_1/PARTE_C/build/more_interfaces': CMAKE_PREFIX_PATH=/opt/ros/humble /usr/bin/cmake --build /home/zi/Desktop/robotica/PRATICAS/pratica_1/PARTE_C/build/more_interfaces -- -j8 -l8
[0.027s] -- Found ament_cmake: 1.3.12 (/opt/ros/humble/share/ament_cmake/cmake)
[0.125s] -- Found rosidl_default_generators: 1.2.0 (/opt/ros/humble/share/rosidl_default_generators/cmake)
[0.127s] -- Using all available rosidl_typesupport_c: rosidl_typesupport_fastrtps_c;rosidl_typesupport_introspection_c
[0.129s] -- Found rosidl_adapter: 3.1.7 (/opt/ros/humble/share/rosidl_adapter/cmake)
[0.151s] -- Using all available rosidl_typesupport_cpp: rosidl_typesupport_fastrtps_cpp;rosidl_typesupport_introspection_cpp
[0.358s] -- Found ament_cmake_ros: 0.10.0 (/opt/ros/humble/share/ament_cmake_ros/cmake)
[0.497s] -- Using all available rosidl_typesupport_c: rosidl_typesupport_fastrtps_c;rosidl_typesupport_introspection_c
[0.683s] -- Using all available rosidl_typesupport_cpp: rosidl_typesupport_fastrtps_cpp;rosidl_typesupport_introspection_cpp
[0.702s] -- Found python_cmake_module: 0.10.0 (/opt/ros/humble/share/python_cmake_module/cmake)
[0.723s] -- Using PYTHON_EXECUTABLE: /usr/bin/python3
[0.723s] -- Using PYTHON_INCLUDE_DIRS: /usr/include/python3.10
[0.723s] -- Using PYTHON_LIBRARIES: /usr/lib/x86_64-linux-gnu/libpython3.10.so
[0.731s] -- Found rclcpp: 16.0.14 (/opt/ros/humble/share/rclcpp/cmake)
[0.762s] -- Found rmw_implementation_cmake: 6.1.2 (/opt/ros/humble/share/rmw_implementation_cmake/cmake)
[0.763s] -- Found rmw_fastrtps_cpp: 6.2.8 (/opt/ros/humble/share/rmw_fastrtps_cpp/cmake)
[0.834s] -- Using RMW implementation 'rmw_fastrtps_cpp' as default
[0.878s] -- Configuring done
[0.901s] -- Generating done
[0.912s] -- Build files have been written to: /home/zi/Desktop/robotica/PRATICAS/pratica_1/PARTE_C/build/more_interfaces
[0.933s] [35m[1mConsolidate compiler generated dependencies of target more_interfaces__rosidl_generator_c[0m
[0.939s] [  3%] Built target more_interfaces__cpp
[0.939s] [ 12%] Built target more_interfaces__rosidl_generator_c
[0.946s] [35m[1mConsolidate compiler generated dependencies of target more_interfaces__rosidl_typesupport_introspection_cpp[0m
[0.947s] [35m[1mConsolidate compiler generated dependencies of target more_interfaces__rosidl_typesupport_fastrtps_cpp[0m
[0.947s] [ 12%] Built target ament_cmake_python_copy_more_interfaces
[0.948s] [35m[1mConsolidate compiler generated dependencies of target more_interfaces__rosidl_typesupport_cpp[0m
[0.957s] [ 21%] Built target more_interfaces__rosidl_typesupport_fastrtps_cpp
[0.957s] [35m[1mConsolidate compiler generated dependencies of target more_interfaces__rosidl_typesupport_c[0m
[0.958s] [35m[1mConsolidate compiler generated dependencies of target more_interfaces__rosidl_typesupport_introspection_c[0m
[0.958s] [35m[1mConsolidate compiler generated dependencies of target more_interfaces__rosidl_typesupport_fastrtps_c[0m
[0.961s] [ 30%] Built target more_interfaces__rosidl_typesupport_introspection_cpp
[0.961s] [ 39%] Built target more_interfaces__rosidl_typesupport_cpp
[0.966s] [ 48%] Built target more_interfaces__rosidl_typesupport_c
[0.966s] [ 57%] Built target more_interfaces__rosidl_typesupport_fastrtps_c
[0.967s] [ 66%] Built target more_interfaces__rosidl_typesupport_introspection_c
[0.978s] [ 69%] [32mBuilding CXX object CMakeFiles/publish_address_book.dir/src/publish_address_book.cpp.o[0m
[0.981s] [ 69%] Built target more_interfaces
[0.995s] [ 72%] [34m[1mGenerating Python code for ROS interfaces[0m
[1.160s] running egg_info
[1.173s] writing more_interfaces.egg-info/PKG-INFO
[1.174s] writing dependency_links to more_interfaces.egg-info/dependency_links.txt
[1.174s] writing top-level names to more_interfaces.egg-info/top_level.txt
[1.214s] reading manifest file 'more_interfaces.egg-info/SOURCES.txt'
[1.227s] Traceback (most recent call last):
[1.227s]   File "/home/zi/Desktop/robotica/PRATICAS/pratica_1/PARTE_C/build/more_interfaces/ament_cmake_python/more_interfaces/setup.py", line 4, in <module>
[1.228s]     setup(
[1.228s]   File "/home/zi/.local/lib/python3.10/site-packages/setuptools/__init__.py", line 117, in setup
[1.228s]     return distutils.core.setup(**attrs)
[1.228s]   File "/home/zi/.local/lib/python3.10/site-packages/setuptools/_distutils/core.py", line 186, in setup
[1.228s]     return run_commands(dist)
[1.228s]   File "/home/zi/.local/lib/python3.10/site-packages/setuptools/_distutils/core.py", line 202, in run_commands
[1.228s]     dist.run_commands()
[1.228s]   File "/home/zi/.local/lib/python3.10/site-packages/setuptools/_distutils/dist.py", line 1002, in run_commands
[1.229s]     self.run_command(cmd)
[1.229s]   File "/home/zi/.local/lib/python3.10/site-packages/setuptools/dist.py", line 1104, in run_command
[1.229s]     super().run_command(command)
[1.229s]   File "/home/zi/.local/lib/python3.10/site-packages/setuptools/_distutils/dist.py", line 1021, in run_command
[1.229s]     cmd_obj.run()
[1.229s]   File "/home/zi/.local/lib/python3.10/site-packages/setuptools/command/egg_info.py", line 312, in run
[1.229s]     self.find_sources()
[1.229s]   File "/home/zi/.local/lib/python3.10/site-packages/setuptools/command/egg_info.py", line 320, in find_sources
[1.229s]     mm.run()
[1.229s]   File "/home/zi/.local/lib/python3.10/site-packages/setuptools/command/egg_info.py", line 548, in run
[1.229s]     self.prune_file_list()
[1.229s]   File "/home/zi/.local/lib/python3.10/site-packages/setuptools/command/sdist.py", line 162, in prune_file_list
[1.230s]     super().prune_file_list()
[1.230s]   File "/home/zi/.local/lib/python3.10/site-packages/setuptools/_distutils/command/sdist.py", line 386, in prune_file_list
[1.230s]     base_dir = self.distribution.get_fullname()
[1.230s]   File "/home/zi/.local/lib/python3.10/site-packages/setuptools/_core_metadata.py", line 275, in get_fullname
[1.230s]     return _distribution_fullname(self.get_name(), self.get_version())
[1.230s]   File "/home/zi/.local/lib/python3.10/site-packages/setuptools/_core_metadata.py", line 293, in _distribution_fullname
[1.230s]     canonicalize_version(version, strip_trailing_zero=False),
[1.230s] TypeError: canonicalize_version() got an unexpected keyword argument 'strip_trailing_zero'
[1.259s] gmake[2]: *** [CMakeFiles/ament_cmake_python_build_more_interfaces_egg.dir/build.make:70: CMakeFiles/ament_cmake_python_build_more_interfaces_egg] Error 1
[1.259s] gmake[1]: *** [CMakeFiles/Makefile2:449: CMakeFiles/ament_cmake_python_build_more_interfaces_egg.dir/all] Error 2
[1.259s] gmake[1]: *** Waiting for unfinished jobs....
[1.284s] [ 72%] Built target more_interfaces__py
[4.322s] [ 75%] [32m[1mLinking CXX executable publish_address_book[0m
[4.456s] [ 75%] Built target publish_address_book
[4.457s] gmake: *** [Makefile:146: all] Error 2
[4.459s] Invoked command in '/home/zi/Desktop/robotica/PRATICAS/pratica_1/PARTE_C/build/more_interfaces' returned '2': CMAKE_PREFIX_PATH=/opt/ros/humble /usr/bin/cmake --build /home/zi/Desktop/robotica/PRATICAS/pratica_1/PARTE_C/build/more_interfaces -- -j8 -l8
