[0.007s] Invoking command in '/home/zi/Desktop/robotica/PRATICAS/pratica_1/PARTE_C/build/more_interfaces': CMAKE_PREFIX_PATH=/opt/ros/humble /usr/bin/cmake /home/zi/Desktop/robotica/PRATICAS/pratica_1/PARTE_C/src/more_interfaces -DCMAKE_INSTALL_PREFIX=/home/zi/Desktop/robotica/PRATICAS/pratica_1/PARTE_C/install/more_interfaces
[0.046s] -- The C compiler identification is GNU 11.4.0
[0.085s] -- The CXX compiler identification is GNU 11.4.0
[0.090s] -- Detecting C compiler ABI info
[0.137s] -- Detecting C compiler ABI info - done
[0.143s] -- Check for working C compiler: /usr/bin/cc - skipped
[0.143s] -- Detecting C compile features
[0.144s] -- Detecting C compile features - done
[0.146s] -- Detecting CXX compiler ABI info
[0.200s] -- Detecting CXX compiler ABI info - done
[0.207s] -- Check for working CXX compiler: /usr/bin/c++ - skipped
[0.207s] -- Detecting CXX compile features
[0.207s] -- Detecting CXX compile features - done
[0.209s] -- Found ament_cmake: 1.3.12 (/opt/ros/humble/share/ament_cmake/cmake)
[0.529s] -- Found Python3: /usr/bin/python3 (found version "3.10.12") found components: Interpreter 
[0.590s] -- Found ament_lint_auto: 0.12.14 (/opt/ros/humble/share/ament_lint_auto/cmake)
[0.646s] -- Found rosidl_default_generators: 1.2.0 (/opt/ros/humble/share/rosidl_default_generators/cmake)
[0.648s] -- Using all available rosidl_typesupport_c: rosidl_typesupport_fastrtps_c;rosidl_typesupport_introspection_c
[0.652s] -- Found rosidl_adapter: 3.1.7 (/opt/ros/humble/share/rosidl_adapter/cmake)
[0.678s] -- Using all available rosidl_typesupport_cpp: rosidl_typesupport_fastrtps_cpp;rosidl_typesupport_introspection_cpp
[0.851s] -- Found ament_cmake_ros: 0.10.0 (/opt/ros/humble/share/ament_cmake_ros/cmake)
[0.992s] -- Using all available rosidl_typesupport_c: rosidl_typesupport_fastrtps_c;rosidl_typesupport_introspection_c
[1.190s] -- Using all available rosidl_typesupport_cpp: rosidl_typesupport_fastrtps_cpp;rosidl_typesupport_introspection_cpp
[1.209s] -- Found PythonInterp: /usr/bin/python3 (found suitable version "3.10.12", minimum required is "3.6") 
[1.210s] -- Found python_cmake_module: 0.10.0 (/opt/ros/humble/share/python_cmake_module/cmake)
[1.232s] -- Found PythonLibs: /usr/lib/x86_64-linux-gnu/libpython3.10.so (found suitable version "3.10.12", minimum required is "3.5") 
[1.232s] -- Using PYTHON_EXECUTABLE: /usr/bin/python3
[1.232s] -- Using PYTHON_INCLUDE_DIRS: /usr/include/python3.10
[1.232s] -- Using PYTHON_LIBRARIES: /usr/lib/x86_64-linux-gnu/libpython3.10.so
[1.251s] -- Found PythonExtra: .so  
[1.280s] -- Found rclcpp: 16.0.14 (/opt/ros/humble/share/rclcpp/cmake)
[1.317s] -- Found rmw_implementation_cmake: 6.1.2 (/opt/ros/humble/share/rmw_implementation_cmake/cmake)
[1.318s] -- Found rmw_fastrtps_cpp: 6.2.8 (/opt/ros/humble/share/rmw_fastrtps_cpp/cmake)
[1.375s] -- Found OpenSSL: /usr/lib/x86_64-linux-gnu/libcrypto.so (found version "3.0.2")  
[1.393s] -- Found FastRTPS: /opt/ros/humble/include  
[1.424s] -- Using RMW implementation 'rmw_fastrtps_cpp' as default
[1.430s] -- Looking for pthread.h
[1.478s] -- Looking for pthread.h - found
[1.478s] -- Performing Test CMAKE_HAVE_LIBC_PTHREAD
[1.529s] -- Performing Test CMAKE_HAVE_LIBC_PTHREAD - Success
[1.530s] -- Found Threads: TRUE  
[1.571s] -- Added test 'cppcheck' to perform static code analysis on C / C++ code
[1.571s] -- Configured cppcheck include dirs: 
[1.571s] -- Configured cppcheck exclude dirs and/or files: 
[1.571s] -- Added test 'lint_cmake' to check CMake code style
[1.572s] -- Added test 'uncrustify' to check C / C++ code style
[1.572s] -- Configured uncrustify additional arguments: 
[1.573s] -- Added test 'xmllint' to check XML markup files
[1.576s] -- Configuring done
[1.600s] -- Generating done
[1.609s] -- Build files have been written to: /home/zi/Desktop/robotica/PRATICAS/pratica_1/PARTE_C/build/more_interfaces
[1.618s] Invoked command in '/home/zi/Desktop/robotica/PRATICAS/pratica_1/PARTE_C/build/more_interfaces' returned '0': CMAKE_PREFIX_PATH=/opt/ros/humble /usr/bin/cmake /home/zi/Desktop/robotica/PRATICAS/pratica_1/PARTE_C/src/more_interfaces -DCMAKE_INSTALL_PREFIX=/home/zi/Desktop/robotica/PRATICAS/pratica_1/PARTE_C/install/more_interfaces
[1.620s] Invoking command in '/home/zi/Desktop/robotica/PRATICAS/pratica_1/PARTE_C/build/more_interfaces': CMAKE_PREFIX_PATH=/opt/ros/humble /usr/bin/cmake --build /home/zi/Desktop/robotica/PRATICAS/pratica_1/PARTE_C/build/more_interfaces -- -j8 -l8
[1.647s] [  3%] [34m[1mGenerating C code for ROS interfaces[0m
[1.654s] [  6%] [34m[1mGenerating C++ code for ROS interfaces[0m
[1.660s] [  6%] Built target ament_cmake_python_copy_more_interfaces
[1.855s] running egg_info
[1.869s] creating more_interfaces.egg-info
[1.869s] writing more_interfaces.egg-info/PKG-INFO
[1.869s] writing dependency_links to more_interfaces.egg-info/dependency_links.txt
[1.869s] writing top-level names to more_interfaces.egg-info/top_level.txt
[1.869s] writing manifest file 'more_interfaces.egg-info/SOURCES.txt'
[1.882s] [  9%] [32mBuilding C object CMakeFiles/more_interfaces__rosidl_generator_c.dir/rosidl_generator_c/more_interfaces/msg/detail/address_book__functions.c.o[0m
[1.884s] [  9%] Built target more_interfaces__cpp
[1.891s] [ 12%] [34m[1mGenerating C++ type support dispatch for ROS interfaces[0m
[1.893s] [ 15%] [34m[1mGenerating C++ type support for eProsima Fast-RTPS[0m
[1.894s] [ 18%] [34m[1mGenerating C++ introspection for ROS interfaces[0m
[1.914s] reading manifest file 'more_interfaces.egg-info/SOURCES.txt'
[1.920s] [ 21%] [32m[1mLinking C shared library libmore_interfaces__rosidl_generator_c.so[0m
[1.931s] Traceback (most recent call last):
[1.931s]   File "/home/zi/Desktop/robotica/PRATICAS/pratica_1/PARTE_C/build/more_interfaces/ament_cmake_python/more_interfaces/setup.py", line 4, in <module>
[1.931s]     setup(
[1.931s]   File "/home/zi/.local/lib/python3.10/site-packages/setuptools/__init__.py", line 117, in setup
[1.931s]     return distutils.core.setup(**attrs)
[1.931s]   File "/home/zi/.local/lib/python3.10/site-packages/setuptools/_distutils/core.py", line 186, in setup
[1.931s]     return run_commands(dist)
[1.931s]   File "/home/zi/.local/lib/python3.10/site-packages/setuptools/_distutils/core.py", line 202, in run_commands
[1.931s]     dist.run_commands()
[1.932s]   File "/home/zi/.local/lib/python3.10/site-packages/setuptools/_distutils/dist.py", line 1002, in run_commands
[1.932s]     self.run_command(cmd)
[1.932s]   File "/home/zi/.local/lib/python3.10/site-packages/setuptools/dist.py", line 1104, in run_command
[1.932s]     super().run_command(command)
[1.932s]   File "/home/zi/.local/lib/python3.10/site-packages/setuptools/_distutils/dist.py", line 1021, in run_command
[1.932s]     cmd_obj.run()
[1.932s]   File "/home/zi/.local/lib/python3.10/site-packages/setuptools/command/egg_info.py", line 312, in run
[1.932s]     self.find_sources()
[1.932s]   File "/home/zi/.local/lib/python3.10/site-packages/setuptools/command/egg_info.py", line 320, in find_sources
[1.932s]     mm.run()
[1.932s]   File "/home/zi/.local/lib/python3.10/site-packages/setuptools/command/egg_info.py", line 548, in run
[1.932s]     self.prune_file_list()
[1.932s]   File "/home/zi/.local/lib/python3.10/site-packages/setuptools/command/sdist.py", line 162, in prune_file_list
[1.932s]     super().prune_file_list()
[1.932s]   File "/home/zi/.local/lib/python3.10/site-packages/setuptools/_distutils/command/sdist.py", line 386, in prune_file_list
[1.932s]     base_dir = self.distribution.get_fullname()
[1.932s]   File "/home/zi/.local/lib/python3.10/site-packages/setuptools/_core_metadata.py", line 275, in get_fullname
[1.932s]     return _distribution_fullname(self.get_name(), self.get_version())
[1.932s]   File "/home/zi/.local/lib/python3.10/site-packages/setuptools/_core_metadata.py", line 293, in _distribution_fullname
[1.932s]     canonicalize_version(version, strip_trailing_zero=False),
[1.932s] TypeError: canonicalize_version() got an unexpected keyword argument 'strip_trailing_zero'
[1.958s] [ 21%] Built target more_interfaces__rosidl_generator_c
[1.963s] gmake[2]: *** [CMakeFiles/ament_cmake_python_build_more_interfaces_egg.dir/build.make:70: CMakeFiles/ament_cmake_python_build_more_interfaces_egg] Error 1
[1.963s] gmake[1]: *** [CMakeFiles/Makefile2:449: CMakeFiles/ament_cmake_python_build_more_interfaces_egg.dir/all] Error 2
[1.963s] gmake[1]: *** Waiting for unfinished jobs....
[1.967s] [ 30%] [34m[1mGenerating C introspection for ROS interfaces[0m
[1.968s] [ 30%] [34m[1mGenerating C type support dispatch for ROS interfaces[0m
[1.968s] [ 30%] [34m[1mGenerating C type support for eProsima Fast-RTPS[0m
[2.105s] [ 33%] [32mBuilding CXX object CMakeFiles/more_interfaces__rosidl_typesupport_cpp.dir/rosidl_typesupport_cpp/more_interfaces/msg/address_book__type_support.cpp.o[0m
[2.175s] [ 36%] [32mBuilding CXX object CMakeFiles/more_interfaces__rosidl_typesupport_fastrtps_cpp.dir/rosidl_typesupport_fastrtps_cpp/more_interfaces/msg/detail/dds_fastrtps/address_book__type_support.cpp.o[0m
[2.256s] [ 39%] [32mBuilding CXX object CMakeFiles/more_interfaces__rosidl_typesupport_introspection_cpp.dir/rosidl_typesupport_introspection_cpp/more_interfaces/msg/detail/address_book__type_support.cpp.o[0m
[2.263s] [ 42%] [32mBuilding CXX object CMakeFiles/more_interfaces__rosidl_typesupport_fastrtps_c.dir/rosidl_typesupport_fastrtps_c/more_interfaces/msg/detail/address_book__type_support_c.cpp.o[0m
[2.266s] [ 45%] [32mBuilding C object CMakeFiles/more_interfaces__rosidl_typesupport_introspection_c.dir/rosidl_typesupport_introspection_c/more_interfaces/msg/detail/address_book__type_support.c.o[0m
[2.273s] [ 48%] [32mBuilding CXX object CMakeFiles/more_interfaces__rosidl_typesupport_c.dir/rosidl_typesupport_c/more_interfaces/msg/address_book__type_support.cpp.o[0m
[2.294s] [ 51%] [32m[1mLinking CXX shared library libmore_interfaces__rosidl_typesupport_c.so[0m
[2.302s] [ 54%] [32m[1mLinking C shared library libmore_interfaces__rosidl_typesupport_introspection_c.so[0m
[2.333s] [ 54%] Built target more_interfaces__rosidl_typesupport_introspection_c
[2.337s] [ 54%] Built target more_interfaces__rosidl_typesupport_c
[2.425s] [ 57%] [32m[1mLinking CXX shared library libmore_interfaces__rosidl_typesupport_cpp.so[0m
[2.456s] [ 57%] Built target more_interfaces__rosidl_typesupport_cpp
[2.556s] [ 60%] [32m[1mLinking CXX shared library libmore_interfaces__rosidl_typesupport_fastrtps_c.so[0m
[2.567s] [ 63%] [32m[1mLinking CXX shared library libmore_interfaces__rosidl_typesupport_introspection_cpp.so[0m
[2.575s] [ 66%] [32m[1mLinking CXX shared library libmore_interfaces__rosidl_typesupport_fastrtps_cpp.so[0m
[2.627s] [ 66%] Built target more_interfaces__rosidl_typesupport_fastrtps_c
[2.627s] [ 66%] Built target more_interfaces__rosidl_typesupport_introspection_cpp
[2.642s] [ 66%] Built target more_interfaces__rosidl_typesupport_fastrtps_cpp
[2.643s] gmake: *** [Makefile:146: all] Error 2
[2.645s] Invoked command in '/home/zi/Desktop/robotica/PRATICAS/pratica_1/PARTE_C/build/more_interfaces' returned '2': CMAKE_PREFIX_PATH=/opt/ros/humble /usr/bin/cmake --build /home/zi/Desktop/robotica/PRATICAS/pratica_1/PARTE_C/build/more_interfaces -- -j8 -l8
