[0.108s] DEBUG:colcon:Command line arguments: ['/usr/bin/colcon', 'build', '--packages-select', 'cpp_srvcli']
[0.108s] DEBUG:colcon:Parsed command line arguments: Namespace(log_base=None, log_level=None, verb_name='build', build_base='build', install_base='install', merge_install=False, symlink_install=False, test_result_base=None, continue_on_error=False, executor='parallel', parallel_workers=8, event_handlers=None, ignore_user_meta=False, metas=['./colcon.meta'], base_paths=['.'], packages_ignore=None, packages_ignore_regex=None, paths=None, packages_up_to=None, packages_up_to_regex=None, packages_above=None, packages_above_and_dependencies=None, packages_above_depth=None, packages_select_by_dep=None, packages_skip_by_dep=None, packages_skip_up_to=None, packages_select_build_failed=False, packages_skip_build_finished=False, packages_select_test_failures=False, packages_skip_test_passed=False, packages_select=['cpp_srvcli'], packages_skip=None, packages_select_regex=None, packages_skip_regex=None, packages_start=None, packages_end=None, allow_overriding=[], cmake_args=None, cmake_target=None, cmake_target_skip_unavailable=False, cmake_clean_cache=False, cmake_clean_first=False, cmake_force_configure=False, ament_cmake_args=None, catkin_cmake_args=None, catkin_skip_building_tests=False, mixin_files=None, mixin=None, verb_parser=<colcon_mixin.mixin.mixin_argument.MixinArgumentDecorator object at 0x7f34db29df30>, verb_extension=<colcon_core.verb.build.BuildVerb object at 0x7f34db29db10>, main=<bound method BuildVerb.main of <colcon_core.verb.build.BuildVerb object at 0x7f34db29db10>>, mixin_verb=('build',))
[0.152s] Level 1:colcon.colcon_core.package_discovery:discover_packages(colcon_meta) check parameters
[0.152s] Level 1:colcon.colcon_core.package_discovery:discover_packages(recursive) check parameters
[0.152s] Level 1:colcon.colcon_core.package_discovery:discover_packages(ignore) check parameters
[0.152s] Level 1:colcon.colcon_core.package_discovery:discover_packages(path) check parameters
[0.152s] Level 1:colcon.colcon_core.package_discovery:discover_packages(colcon_meta) discover
[0.152s] Level 1:colcon.colcon_core.package_discovery:discover_packages(recursive) discover
[0.152s] INFO:colcon.colcon_core.package_discovery:Crawling recursively for packages in '/home/zi/Desktop/robotica/PRATICAS/pratica_1/PARTE_B'
[0.152s] Level 1:colcon.colcon_core.package_identification:_identify(.) by extensions ['ignore', 'ignore_ament_install']
[0.152s] Level 1:colcon.colcon_core.package_identification:_identify(.) by extension 'ignore'
[0.152s] Level 1:colcon.colcon_core.package_identification:_identify(.) by extension 'ignore_ament_install'
[0.152s] Level 1:colcon.colcon_core.package_identification:_identify(.) by extensions ['colcon_pkg']
[0.152s] Level 1:colcon.colcon_core.package_identification:_identify(.) by extension 'colcon_pkg'
[0.153s] Level 1:colcon.colcon_core.package_identification:_identify(.) by extensions ['colcon_meta']
[0.153s] Level 1:colcon.colcon_core.package_identification:_identify(.) by extension 'colcon_meta'
[0.153s] Level 1:colcon.colcon_core.package_identification:_identify(.) by extensions ['ros']
[0.153s] Level 1:colcon.colcon_core.package_identification:_identify(.) by extension 'ros'
[0.155s] Level 1:colcon.colcon_core.package_identification:_identify(.) by extensions ['cmake', 'python']
[0.155s] Level 1:colcon.colcon_core.package_identification:_identify(.) by extension 'cmake'
[0.155s] Level 1:colcon.colcon_core.package_identification:_identify(.) by extension 'python'
[0.155s] Level 1:colcon.colcon_core.package_identification:_identify(.) by extensions ['python_setup_py']
[0.155s] Level 1:colcon.colcon_core.package_identification:_identify(.) by extension 'python_setup_py'
[0.155s] Level 1:colcon.colcon_core.package_identification:_identify(build) by extensions ['ignore', 'ignore_ament_install']
[0.155s] Level 1:colcon.colcon_core.package_identification:_identify(build) by extension 'ignore'
[0.156s] Level 1:colcon.colcon_core.package_identification:_identify(build) ignored
[0.156s] Level 1:colcon.colcon_core.package_identification:_identify(install) by extensions ['ignore', 'ignore_ament_install']
[0.156s] Level 1:colcon.colcon_core.package_identification:_identify(install) by extension 'ignore'
[0.156s] Level 1:colcon.colcon_core.package_identification:_identify(install) ignored
[0.156s] Level 1:colcon.colcon_core.package_identification:_identify(log) by extensions ['ignore', 'ignore_ament_install']
[0.156s] Level 1:colcon.colcon_core.package_identification:_identify(log) by extension 'ignore'
[0.156s] Level 1:colcon.colcon_core.package_identification:_identify(log) ignored
[0.156s] Level 1:colcon.colcon_core.package_identification:_identify(src) by extensions ['ignore', 'ignore_ament_install']
[0.156s] Level 1:colcon.colcon_core.package_identification:_identify(src) by extension 'ignore'
[0.156s] Level 1:colcon.colcon_core.package_identification:_identify(src) by extension 'ignore_ament_install'
[0.156s] Level 1:colcon.colcon_core.package_identification:_identify(src) by extensions ['colcon_pkg']
[0.156s] Level 1:colcon.colcon_core.package_identification:_identify(src) by extension 'colcon_pkg'
[0.156s] Level 1:colcon.colcon_core.package_identification:_identify(src) by extensions ['colcon_meta']
[0.156s] Level 1:colcon.colcon_core.package_identification:_identify(src) by extension 'colcon_meta'
[0.156s] Level 1:colcon.colcon_core.package_identification:_identify(src) by extensions ['ros']
[0.156s] Level 1:colcon.colcon_core.package_identification:_identify(src) by extension 'ros'
[0.156s] Level 1:colcon.colcon_core.package_identification:_identify(src) by extensions ['cmake', 'python']
[0.156s] Level 1:colcon.colcon_core.package_identification:_identify(src) by extension 'cmake'
[0.156s] Level 1:colcon.colcon_core.package_identification:_identify(src) by extension 'python'
[0.156s] Level 1:colcon.colcon_core.package_identification:_identify(src) by extensions ['python_setup_py']
[0.157s] Level 1:colcon.colcon_core.package_identification:_identify(src) by extension 'python_setup_py'
[0.157s] Level 1:colcon.colcon_core.package_identification:_identify(src/cpp_srvcli) by extensions ['ignore', 'ignore_ament_install']
[0.157s] Level 1:colcon.colcon_core.package_identification:_identify(src/cpp_srvcli) by extension 'ignore'
[0.157s] Level 1:colcon.colcon_core.package_identification:_identify(src/cpp_srvcli) by extension 'ignore_ament_install'
[0.157s] Level 1:colcon.colcon_core.package_identification:_identify(src/cpp_srvcli) by extensions ['colcon_pkg']
[0.157s] Level 1:colcon.colcon_core.package_identification:_identify(src/cpp_srvcli) by extension 'colcon_pkg'
[0.157s] Level 1:colcon.colcon_core.package_identification:_identify(src/cpp_srvcli) by extensions ['colcon_meta']
[0.157s] Level 1:colcon.colcon_core.package_identification:_identify(src/cpp_srvcli) by extension 'colcon_meta'
[0.157s] Level 1:colcon.colcon_core.package_identification:_identify(src/cpp_srvcli) by extensions ['ros']
[0.157s] Level 1:colcon.colcon_core.package_identification:_identify(src/cpp_srvcli) by extension 'ros'
[0.159s] DEBUG:colcon.colcon_core.package_identification:Package 'src/cpp_srvcli' with type 'ros.ament_cmake' and name 'cpp_srvcli'
[0.159s] Level 1:colcon.colcon_core.package_discovery:discover_packages(recursive) using defaults
[0.159s] Level 1:colcon.colcon_core.package_discovery:discover_packages(ignore) discover
[0.159s] Level 1:colcon.colcon_core.package_discovery:discover_packages(ignore) using defaults
[0.159s] Level 1:colcon.colcon_core.package_discovery:discover_packages(path) discover
[0.159s] Level 1:colcon.colcon_core.package_discovery:discover_packages(path) using defaults
[0.177s] Level 1:colcon.colcon_core.package_discovery:discover_packages(prefix_path) check parameters
[0.177s] Level 1:colcon.colcon_core.package_discovery:discover_packages(prefix_path) discover
[0.179s] DEBUG:colcon.colcon_installed_package_information.package_discovery:Found 271 installed packages in /opt/ros/humble
[0.181s] Level 1:colcon.colcon_core.package_discovery:discover_packages(prefix_path) using defaults
[0.209s] Level 5:colcon.colcon_core.verb:set package 'cpp_srvcli' build argument 'cmake_args' from command line to 'None'
[0.209s] Level 5:colcon.colcon_core.verb:set package 'cpp_srvcli' build argument 'cmake_target' from command line to 'None'
[0.209s] Level 5:colcon.colcon_core.verb:set package 'cpp_srvcli' build argument 'cmake_target_skip_unavailable' from command line to 'False'
[0.209s] Level 5:colcon.colcon_core.verb:set package 'cpp_srvcli' build argument 'cmake_clean_cache' from command line to 'False'
[0.209s] Level 5:colcon.colcon_core.verb:set package 'cpp_srvcli' build argument 'cmake_clean_first' from command line to 'False'
[0.209s] Level 5:colcon.colcon_core.verb:set package 'cpp_srvcli' build argument 'cmake_force_configure' from command line to 'False'
[0.209s] Level 5:colcon.colcon_core.verb:set package 'cpp_srvcli' build argument 'ament_cmake_args' from command line to 'None'
[0.209s] Level 5:colcon.colcon_core.verb:set package 'cpp_srvcli' build argument 'catkin_cmake_args' from command line to 'None'
[0.209s] Level 5:colcon.colcon_core.verb:set package 'cpp_srvcli' build argument 'catkin_skip_building_tests' from command line to 'False'
[0.209s] DEBUG:colcon.colcon_core.verb:Building package 'cpp_srvcli' with the following arguments: {'ament_cmake_args': None, 'build_base': '/home/zi/Desktop/robotica/PRATICAS/pratica_1/PARTE_B/build/cpp_srvcli', 'catkin_cmake_args': None, 'catkin_skip_building_tests': False, 'cmake_args': None, 'cmake_clean_cache': False, 'cmake_clean_first': False, 'cmake_force_configure': False, 'cmake_target': None, 'cmake_target_skip_unavailable': False, 'install_base': '/home/zi/Desktop/robotica/PRATICAS/pratica_1/PARTE_B/install/cpp_srvcli', 'merge_install': False, 'path': '/home/zi/Desktop/robotica/PRATICAS/pratica_1/PARTE_B/src/cpp_srvcli', 'symlink_install': False, 'test_result_base': None}
[0.209s] INFO:colcon.colcon_core.executor:Executing jobs using 'parallel' executor
[0.210s] DEBUG:colcon.colcon_parallel_executor.executor.parallel:run_until_complete
[0.210s] INFO:colcon.colcon_ros.task.ament_cmake.build:Building ROS package in '/home/zi/Desktop/robotica/PRATICAS/pratica_1/PARTE_B/src/cpp_srvcli' with build type 'ament_cmake'
[0.210s] INFO:colcon.colcon_cmake.task.cmake.build:Building CMake package in '/home/zi/Desktop/robotica/PRATICAS/pratica_1/PARTE_B/src/cpp_srvcli'
[0.212s] INFO:colcon.colcon_core.plugin_system:Skipping extension 'colcon_core.shell.bat': Not used on non-Windows systems
[0.212s] INFO:colcon.colcon_core.shell:Skip shell extension 'powershell' for command environment: Not usable outside of PowerShell
[0.212s] DEBUG:colcon.colcon_core.shell:Skip shell extension 'dsv' for command environment
[0.219s] DEBUG:colcon.colcon_core.event_handler.log_command:Invoking command in '/home/zi/Desktop/robotica/PRATICAS/pratica_1/PARTE_B/build/cpp_srvcli': CMAKE_PREFIX_PATH=/opt/ros/humble /usr/bin/cmake --build /home/zi/Desktop/robotica/PRATICAS/pratica_1/PARTE_B/build/cpp_srvcli -- -j8 -l8
[3.327s] DEBUG:colcon.colcon_core.event_handler.log_command:Invoked command in '/home/zi/Desktop/robotica/PRATICAS/pratica_1/PARTE_B/build/cpp_srvcli' returned '0': CMAKE_PREFIX_PATH=/opt/ros/humble /usr/bin/cmake --build /home/zi/Desktop/robotica/PRATICAS/pratica_1/PARTE_B/build/cpp_srvcli -- -j8 -l8
[3.335s] DEBUG:colcon.colcon_core.event_handler.log_command:Invoking command in '/home/zi/Desktop/robotica/PRATICAS/pratica_1/PARTE_B/build/cpp_srvcli': CMAKE_PREFIX_PATH=/opt/ros/humble /usr/bin/cmake --install /home/zi/Desktop/robotica/PRATICAS/pratica_1/PARTE_B/build/cpp_srvcli
[3.343s] Level 1:colcon.colcon_core.environment:create_environment_scripts_only(cpp_srvcli)
[3.344s] DEBUG:colcon.colcon_core.event_handler.log_command:Invoked command in '/home/zi/Desktop/robotica/PRATICAS/pratica_1/PARTE_B/build/cpp_srvcli' returned '0': CMAKE_PREFIX_PATH=/opt/ros/humble /usr/bin/cmake --install /home/zi/Desktop/robotica/PRATICAS/pratica_1/PARTE_B/build/cpp_srvcli
[3.345s] Level 1:colcon.colcon_core.environment:checking '/home/zi/Desktop/robotica/PRATICAS/pratica_1/PARTE_B/install/cpp_srvcli' for CMake module files
[3.346s] Level 1:colcon.colcon_core.environment:checking '/home/zi/Desktop/robotica/PRATICAS/pratica_1/PARTE_B/install/cpp_srvcli' for CMake config files
[3.346s] Level 1:colcon.colcon_core.shell:create_environment_hook('cpp_srvcli', 'cmake_prefix_path')
[3.347s] INFO:colcon.colcon_core.shell:Creating environment hook '/home/zi/Desktop/robotica/PRATICAS/pratica_1/PARTE_B/install/cpp_srvcli/share/cpp_srvcli/hook/cmake_prefix_path.ps1'
[3.347s] INFO:colcon.colcon_core.shell:Creating environment descriptor '/home/zi/Desktop/robotica/PRATICAS/pratica_1/PARTE_B/install/cpp_srvcli/share/cpp_srvcli/hook/cmake_prefix_path.dsv'
[3.348s] INFO:colcon.colcon_core.shell:Creating environment hook '/home/zi/Desktop/robotica/PRATICAS/pratica_1/PARTE_B/install/cpp_srvcli/share/cpp_srvcli/hook/cmake_prefix_path.sh'
[3.348s] Level 1:colcon.colcon_core.environment:checking '/home/zi/Desktop/robotica/PRATICAS/pratica_1/PARTE_B/install/cpp_srvcli/lib'
[3.348s] Level 1:colcon.colcon_core.environment:checking '/home/zi/Desktop/robotica/PRATICAS/pratica_1/PARTE_B/install/cpp_srvcli/bin'
[3.349s] Level 1:colcon.colcon_core.environment:checking '/home/zi/Desktop/robotica/PRATICAS/pratica_1/PARTE_B/install/cpp_srvcli/lib/pkgconfig/cpp_srvcli.pc'
[3.349s] Level 1:colcon.colcon_core.environment:checking '/home/zi/Desktop/robotica/PRATICAS/pratica_1/PARTE_B/install/cpp_srvcli/lib/python3.10/site-packages'
[3.349s] Level 1:colcon.colcon_core.environment:checking '/home/zi/Desktop/robotica/PRATICAS/pratica_1/PARTE_B/install/cpp_srvcli/bin'
[3.349s] INFO:colcon.colcon_core.shell:Creating package script '/home/zi/Desktop/robotica/PRATICAS/pratica_1/PARTE_B/install/cpp_srvcli/share/cpp_srvcli/package.ps1'
[3.350s] INFO:colcon.colcon_core.shell:Creating package descriptor '/home/zi/Desktop/robotica/PRATICAS/pratica_1/PARTE_B/install/cpp_srvcli/share/cpp_srvcli/package.dsv'
[3.350s] INFO:colcon.colcon_core.shell:Creating package script '/home/zi/Desktop/robotica/PRATICAS/pratica_1/PARTE_B/install/cpp_srvcli/share/cpp_srvcli/package.sh'
[3.351s] INFO:colcon.colcon_core.shell:Creating package script '/home/zi/Desktop/robotica/PRATICAS/pratica_1/PARTE_B/install/cpp_srvcli/share/cpp_srvcli/package.bash'
[3.351s] INFO:colcon.colcon_core.shell:Creating package script '/home/zi/Desktop/robotica/PRATICAS/pratica_1/PARTE_B/install/cpp_srvcli/share/cpp_srvcli/package.zsh'
[3.352s] Level 1:colcon.colcon_core.environment:create_file_with_runtime_dependencies(/home/zi/Desktop/robotica/PRATICAS/pratica_1/PARTE_B/install/cpp_srvcli/share/colcon-core/packages/cpp_srvcli)
[3.352s] Level 1:colcon.colcon_core.environment:create_environment_scripts_only(cpp_srvcli)
[3.353s] Level 1:colcon.colcon_core.environment:checking '/home/zi/Desktop/robotica/PRATICAS/pratica_1/PARTE_B/install/cpp_srvcli' for CMake module files
[3.353s] Level 1:colcon.colcon_core.environment:checking '/home/zi/Desktop/robotica/PRATICAS/pratica_1/PARTE_B/install/cpp_srvcli' for CMake config files
[3.353s] Level 1:colcon.colcon_core.shell:create_environment_hook('cpp_srvcli', 'cmake_prefix_path')
[3.353s] INFO:colcon.colcon_core.shell:Creating environment hook '/home/zi/Desktop/robotica/PRATICAS/pratica_1/PARTE_B/install/cpp_srvcli/share/cpp_srvcli/hook/cmake_prefix_path.ps1'
[3.354s] INFO:colcon.colcon_core.shell:Creating environment descriptor '/home/zi/Desktop/robotica/PRATICAS/pratica_1/PARTE_B/install/cpp_srvcli/share/cpp_srvcli/hook/cmake_prefix_path.dsv'
[3.354s] INFO:colcon.colcon_core.shell:Creating environment hook '/home/zi/Desktop/robotica/PRATICAS/pratica_1/PARTE_B/install/cpp_srvcli/share/cpp_srvcli/hook/cmake_prefix_path.sh'
[3.354s] Level 1:colcon.colcon_core.environment:checking '/home/zi/Desktop/robotica/PRATICAS/pratica_1/PARTE_B/install/cpp_srvcli/lib'
[3.354s] Level 1:colcon.colcon_core.environment:checking '/home/zi/Desktop/robotica/PRATICAS/pratica_1/PARTE_B/install/cpp_srvcli/bin'
[3.354s] Level 1:colcon.colcon_core.environment:checking '/home/zi/Desktop/robotica/PRATICAS/pratica_1/PARTE_B/install/cpp_srvcli/lib/pkgconfig/cpp_srvcli.pc'
[3.355s] Level 1:colcon.colcon_core.environment:checking '/home/zi/Desktop/robotica/PRATICAS/pratica_1/PARTE_B/install/cpp_srvcli/lib/python3.10/site-packages'
[3.355s] Level 1:colcon.colcon_core.environment:checking '/home/zi/Desktop/robotica/PRATICAS/pratica_1/PARTE_B/install/cpp_srvcli/bin'
[3.355s] INFO:colcon.colcon_core.shell:Creating package script '/home/zi/Desktop/robotica/PRATICAS/pratica_1/PARTE_B/install/cpp_srvcli/share/cpp_srvcli/package.ps1'
[3.355s] INFO:colcon.colcon_core.shell:Creating package descriptor '/home/zi/Desktop/robotica/PRATICAS/pratica_1/PARTE_B/install/cpp_srvcli/share/cpp_srvcli/package.dsv'
[3.356s] INFO:colcon.colcon_core.shell:Creating package script '/home/zi/Desktop/robotica/PRATICAS/pratica_1/PARTE_B/install/cpp_srvcli/share/cpp_srvcli/package.sh'
[3.356s] INFO:colcon.colcon_core.shell:Creating package script '/home/zi/Desktop/robotica/PRATICAS/pratica_1/PARTE_B/install/cpp_srvcli/share/cpp_srvcli/package.bash'
[3.356s] INFO:colcon.colcon_core.shell:Creating package script '/home/zi/Desktop/robotica/PRATICAS/pratica_1/PARTE_B/install/cpp_srvcli/share/cpp_srvcli/package.zsh'
[3.367s] Level 1:colcon.colcon_core.environment:create_file_with_runtime_dependencies(/home/zi/Desktop/robotica/PRATICAS/pratica_1/PARTE_B/install/cpp_srvcli/share/colcon-core/packages/cpp_srvcli)
[3.367s] DEBUG:colcon.colcon_parallel_executor.executor.parallel:closing loop
[3.367s] DEBUG:colcon.colcon_parallel_executor.executor.parallel:loop closed
[3.367s] DEBUG:colcon.colcon_parallel_executor.executor.parallel:run_until_complete finished with '0'
[3.367s] DEBUG:colcon.colcon_core.event_reactor:joining thread
[3.371s] INFO:colcon.colcon_core.plugin_system:Skipping extension 'colcon_notification.desktop_notification.terminal_notifier': Not used on non-Darwin systems
[3.371s] INFO:colcon.colcon_core.plugin_system:Skipping extension 'colcon_notification.desktop_notification.win32': Not used on non-Windows systems
[3.371s] INFO:colcon.colcon_notification.desktop_notification:Sending desktop notification using 'notify2'
[3.380s] DEBUG:colcon.colcon_core.event_reactor:joined thread
[3.381s] INFO:colcon.colcon_core.shell:Creating prefix script '/home/zi/Desktop/robotica/PRATICAS/pratica_1/PARTE_B/install/local_setup.ps1'
[3.382s] INFO:colcon.colcon_core.shell:Creating prefix util module '/home/zi/Desktop/robotica/PRATICAS/pratica_1/PARTE_B/install/_local_setup_util_ps1.py'
[3.383s] INFO:colcon.colcon_core.shell:Creating prefix chain script '/home/zi/Desktop/robotica/PRATICAS/pratica_1/PARTE_B/install/setup.ps1'
[3.385s] INFO:colcon.colcon_core.shell:Creating prefix script '/home/zi/Desktop/robotica/PRATICAS/pratica_1/PARTE_B/install/local_setup.sh'
[3.385s] INFO:colcon.colcon_core.shell:Creating prefix util module '/home/zi/Desktop/robotica/PRATICAS/pratica_1/PARTE_B/install/_local_setup_util_sh.py'
[3.386s] INFO:colcon.colcon_core.shell:Creating prefix chain script '/home/zi/Desktop/robotica/PRATICAS/pratica_1/PARTE_B/install/setup.sh'
[3.387s] INFO:colcon.colcon_core.shell:Creating prefix script '/home/zi/Desktop/robotica/PRATICAS/pratica_1/PARTE_B/install/local_setup.bash'
[3.387s] INFO:colcon.colcon_core.shell:Creating prefix chain script '/home/zi/Desktop/robotica/PRATICAS/pratica_1/PARTE_B/install/setup.bash'
[3.388s] INFO:colcon.colcon_core.shell:Creating prefix script '/home/zi/Desktop/robotica/PRATICAS/pratica_1/PARTE_B/install/local_setup.zsh'
[3.388s] INFO:colcon.colcon_core.shell:Creating prefix chain script '/home/zi/Desktop/robotica/PRATICAS/pratica_1/PARTE_B/install/setup.zsh'
