[0.007s] Invoking command in '/home/zi/Desktop/robotica/PRATICAS/pratica_1/PARTE_C/build/cpp_parameters': CMAKE_PREFIX_PATH=/opt/ros/humble /usr/bin/cmake /home/zi/Desktop/robotica/PRATICAS/pratica_1/PARTE_C/src/cpp_parameters -DCMAKE_INSTALL_PREFIX=/home/zi/Desktop/robotica/PRATICAS/pratica_1/PARTE_C/install/cpp_parameters
[0.046s] -- The C compiler identification is GNU 11.4.0
[0.085s] -- The CXX compiler identification is GNU 11.4.0
[0.091s] -- Detecting C compiler ABI info
[0.139s] -- Detecting C compiler ABI info - done
[0.145s] -- Check for working C compiler: /usr/bin/cc - skipped
[0.145s] -- Detecting C compile features
[0.146s] -- Detecting C compile features - done
[0.148s] -- Detecting CXX compiler ABI info
[0.201s] -- Detecting CXX compiler ABI info - done
[0.208s] -- Check for working CXX compiler: /usr/bin/c++ - skipped
[0.208s] -- Detecting CXX compile features
[0.208s] -- Detecting CXX compile features - done
[0.210s] -- Found ament_cmake: 1.3.12 (/opt/ros/humble/share/ament_cmake/cmake)
[0.766s] -- Found Python3: /usr/bin/python3 (found version "3.10.12") found components: Interpreter 
[0.831s] -- Found rclcpp: 16.0.14 (/opt/ros/humble/share/rclcpp/cmake)
[0.859s] -- Found rosidl_generator_c: 3.1.7 (/opt/ros/humble/share/rosidl_generator_c/cmake)
[0.863s] -- Found rosidl_adapter: 3.1.7 (/opt/ros/humble/share/rosidl_adapter/cmake)
[0.869s] -- Found rosidl_generator_cpp: 3.1.7 (/opt/ros/humble/share/rosidl_generator_cpp/cmake)
[0.879s] -- Using all available rosidl_typesupport_c: rosidl_typesupport_fastrtps_c;rosidl_typesupport_introspection_c
[0.890s] -- Using all available rosidl_typesupport_cpp: rosidl_typesupport_fastrtps_cpp;rosidl_typesupport_introspection_cpp
[0.922s] -- Found rmw_implementation_cmake: 6.1.2 (/opt/ros/humble/share/rmw_implementation_cmake/cmake)
[0.924s] -- Found rmw_fastrtps_cpp: 6.2.8 (/opt/ros/humble/share/rmw_fastrtps_cpp/cmake)
[0.980s] -- Found OpenSSL: /usr/lib/x86_64-linux-gnu/libcrypto.so (found version "3.0.2")  
[1.000s] -- Found FastRTPS: /opt/ros/humble/include  
[1.028s] -- Using RMW implementation 'rmw_fastrtps_cpp' as default
[1.033s] -- Looking for pthread.h
[1.082s] -- Looking for pthread.h - found
[1.082s] -- Performing Test CMAKE_HAVE_LIBC_PTHREAD
[1.134s] -- Performing Test CMAKE_HAVE_LIBC_PTHREAD - Success
[1.135s] -- Found Threads: TRUE  
[1.174s] -- Found ament_lint_auto: 0.12.14 (/opt/ros/humble/share/ament_lint_auto/cmake)
[1.233s] -- Added test 'cppcheck' to perform static code analysis on C / C++ code
[1.233s] -- Configured cppcheck include dirs: 
[1.233s] -- Configured cppcheck exclude dirs and/or files: 
[1.233s] -- Added test 'flake8' to check Python code syntax and style conventions
[1.233s] -- Added test 'lint_cmake' to check CMake code style
[1.234s] -- Added test 'pep257' to check Python code against some of the docstring style conventions in PEP 257
[1.234s] -- Added test 'uncrustify' to check C / C++ code style
[1.234s] -- Configured uncrustify additional arguments: 
[1.235s] -- Added test 'xmllint' to check XML markup files
[1.236s] -- Configuring done
[1.241s] -- Generating done
[1.244s] -- Build files have been written to: /home/zi/Desktop/robotica/PRATICAS/pratica_1/PARTE_C/build/cpp_parameters
[1.250s] Invoked command in '/home/zi/Desktop/robotica/PRATICAS/pratica_1/PARTE_C/build/cpp_parameters' returned '0': CMAKE_PREFIX_PATH=/opt/ros/humble /usr/bin/cmake /home/zi/Desktop/robotica/PRATICAS/pratica_1/PARTE_C/src/cpp_parameters -DCMAKE_INSTALL_PREFIX=/home/zi/Desktop/robotica/PRATICAS/pratica_1/PARTE_C/install/cpp_parameters
[1.252s] Invoking command in '/home/zi/Desktop/robotica/PRATICAS/pratica_1/PARTE_C/build/cpp_parameters': CMAKE_PREFIX_PATH=/opt/ros/humble /usr/bin/cmake --build /home/zi/Desktop/robotica/PRATICAS/pratica_1/PARTE_C/build/cpp_parameters -- -j8 -l8
[1.284s] [ 50%] [32mBuilding CXX object CMakeFiles/minimal_param_node.dir/src/cpp_parameters_node.cpp.o[0m
[3.676s] [100%] [32m[1mLinking CXX executable minimal_param_node[0m
[3.771s] [100%] Built target minimal_param_node
[3.779s] Invoked command in '/home/zi/Desktop/robotica/PRATICAS/pratica_1/PARTE_C/build/cpp_parameters' returned '0': CMAKE_PREFIX_PATH=/opt/ros/humble /usr/bin/cmake --build /home/zi/Desktop/robotica/PRATICAS/pratica_1/PARTE_C/build/cpp_parameters -- -j8 -l8
[3.785s] Invoking command in '/home/zi/Desktop/robotica/PRATICAS/pratica_1/PARTE_C/build/cpp_parameters': CMAKE_PREFIX_PATH=/opt/ros/humble /usr/bin/cmake --install /home/zi/Desktop/robotica/PRATICAS/pratica_1/PARTE_C/build/cpp_parameters
[3.790s] -- Install configuration: ""
[3.790s] -- Installing: /home/zi/Desktop/robotica/PRATICAS/pratica_1/PARTE_C/install/cpp_parameters/lib/cpp_parameters/minimal_param_node
[3.790s] -- Set runtime path of "/home/zi/Desktop/robotica/PRATICAS/pratica_1/PARTE_C/install/cpp_parameters/lib/cpp_parameters/minimal_param_node" to ""
[3.790s] -- Installing: /home/zi/Desktop/robotica/PRATICAS/pratica_1/PARTE_C/install/cpp_parameters/share/cpp_parameters/launch
[3.790s] -- Installing: /home/zi/Desktop/robotica/PRATICAS/pratica_1/PARTE_C/install/cpp_parameters/share/cpp_parameters/launch/cpp_parameters_launch.py
[3.791s] -- Installing: /home/zi/Desktop/robotica/PRATICAS/pratica_1/PARTE_C/install/cpp_parameters/share/ament_index/resource_index/package_run_dependencies/cpp_parameters
[3.791s] -- Installing: /home/zi/Desktop/robotica/PRATICAS/pratica_1/PARTE_C/install/cpp_parameters/share/ament_index/resource_index/parent_prefix_path/cpp_parameters
[3.791s] -- Installing: /home/zi/Desktop/robotica/PRATICAS/pratica_1/PARTE_C/install/cpp_parameters/share/cpp_parameters/environment/ament_prefix_path.sh
[3.791s] -- Installing: /home/zi/Desktop/robotica/PRATICAS/pratica_1/PARTE_C/install/cpp_parameters/share/cpp_parameters/environment/ament_prefix_path.dsv
[3.791s] -- Installing: /home/zi/Desktop/robotica/PRATICAS/pratica_1/PARTE_C/install/cpp_parameters/share/cpp_parameters/environment/path.sh
[3.791s] -- Installing: /home/zi/Desktop/robotica/PRATICAS/pratica_1/PARTE_C/install/cpp_parameters/share/cpp_parameters/environment/path.dsv
[3.791s] -- Installing: /home/zi/Desktop/robotica/PRATICAS/pratica_1/PARTE_C/install/cpp_parameters/share/cpp_parameters/local_setup.bash
[3.791s] -- Installing: /home/zi/Desktop/robotica/PRATICAS/pratica_1/PARTE_C/install/cpp_parameters/share/cpp_parameters/local_setup.sh
[3.791s] -- Installing: /home/zi/Desktop/robotica/PRATICAS/pratica_1/PARTE_C/install/cpp_parameters/share/cpp_parameters/local_setup.zsh
[3.791s] -- Installing: /home/zi/Desktop/robotica/PRATICAS/pratica_1/PARTE_C/install/cpp_parameters/share/cpp_parameters/local_setup.dsv
[3.791s] -- Installing: /home/zi/Desktop/robotica/PRATICAS/pratica_1/PARTE_C/install/cpp_parameters/share/cpp_parameters/package.dsv
[3.791s] -- Installing: /home/zi/Desktop/robotica/PRATICAS/pratica_1/PARTE_C/install/cpp_parameters/share/ament_index/resource_index/packages/cpp_parameters
[3.792s] -- Installing: /home/zi/Desktop/robotica/PRATICAS/pratica_1/PARTE_C/install/cpp_parameters/share/cpp_parameters/cmake/cpp_parametersConfig.cmake
[3.792s] -- Installing: /home/zi/Desktop/robotica/PRATICAS/pratica_1/PARTE_C/install/cpp_parameters/share/cpp_parameters/cmake/cpp_parametersConfig-version.cmake
[3.792s] -- Installing: /home/zi/Desktop/robotica/PRATICAS/pratica_1/PARTE_C/install/cpp_parameters/share/cpp_parameters/package.xml
[3.793s] Invoked command in '/home/zi/Desktop/robotica/PRATICAS/pratica_1/PARTE_C/build/cpp_parameters' returned '0': CMAKE_PREFIX_PATH=/opt/ros/humble /usr/bin/cmake --install /home/zi/Desktop/robotica/PRATICAS/pratica_1/PARTE_C/build/cpp_parameters
