[0.007s] Invoking command in '/home/zi/Desktop/robotica/PRATICAS/pratica_1/PARTE_A/build/cpp_pubsub': CMAKE_PREFIX_PATH=/opt/ros/humble /usr/bin/cmake --build /home/zi/Desktop/robotica/PRATICAS/pratica_1/PARTE_A/build/cpp_pubsub -- -j8 -l8
[0.035s] [35m[1mConsolidate compiler generated dependencies of target listener[0m
[0.035s] [35m[1mConsolidate compiler generated dependencies of target talker[0m
[0.050s] [ 50%] Built target listener
[0.050s] [100%] Built target talker
[0.058s] Invoked command in '/home/zi/Desktop/robotica/PRATICAS/pratica_1/PARTE_A/build/cpp_pubsub' returned '0': CMAKE_PREFIX_PATH=/opt/ros/humble /usr/bin/cmake --build /home/zi/Desktop/robotica/PRATICAS/pratica_1/PARTE_A/build/cpp_pubsub -- -j8 -l8
[0.065s] Invoking command in '/home/zi/Desktop/robotica/PRATICAS/pratica_1/PARTE_A/build/cpp_pubsub': CMAKE_PREFIX_PATH=/opt/ros/humble /usr/bin/cmake --install /home/zi/Desktop/robotica/PRATICAS/pratica_1/PARTE_A/build/cpp_pubsub
[0.071s] -- Install configuration: ""
[0.071s] -- Up-to-date: /home/zi/Desktop/robotica/PRATICAS/pratica_1/PARTE_A/install/cpp_pubsub/lib/cpp_pubsub/talker
[0.071s] -- Up-to-date: /home/zi/Desktop/robotica/PRATICAS/pratica_1/PARTE_A/install/cpp_pubsub/lib/cpp_pubsub/listener
[0.071s] -- Up-to-date: /home/zi/Desktop/robotica/PRATICAS/pratica_1/PARTE_A/install/cpp_pubsub/share/ament_index/resource_index/package_run_dependencies/cpp_pubsub
[0.071s] -- Up-to-date: /home/zi/Desktop/robotica/PRATICAS/pratica_1/PARTE_A/install/cpp_pubsub/share/ament_index/resource_index/parent_prefix_path/cpp_pubsub
[0.072s] -- Up-to-date: /home/zi/Desktop/robotica/PRATICAS/pratica_1/PARTE_A/install/cpp_pubsub/share/cpp_pubsub/environment/ament_prefix_path.sh
[0.072s] -- Up-to-date: /home/zi/Desktop/robotica/PRATICAS/pratica_1/PARTE_A/install/cpp_pubsub/share/cpp_pubsub/environment/ament_prefix_path.dsv
[0.072s] -- Up-to-date: /home/zi/Desktop/robotica/PRATICAS/pratica_1/PARTE_A/install/cpp_pubsub/share/cpp_pubsub/environment/path.sh
[0.072s] -- Up-to-date: /home/zi/Desktop/robotica/PRATICAS/pratica_1/PARTE_A/install/cpp_pubsub/share/cpp_pubsub/environment/path.dsv
[0.072s] -- Up-to-date: /home/zi/Desktop/robotica/PRATICAS/pratica_1/PARTE_A/install/cpp_pubsub/share/cpp_pubsub/local_setup.bash
[0.072s] -- Up-to-date: /home/zi/Desktop/robotica/PRATICAS/pratica_1/PARTE_A/install/cpp_pubsub/share/cpp_pubsub/local_setup.sh
[0.072s] -- Up-to-date: /home/zi/Desktop/robotica/PRATICAS/pratica_1/PARTE_A/install/cpp_pubsub/share/cpp_pubsub/local_setup.zsh
[0.072s] -- Up-to-date: /home/zi/Desktop/robotica/PRATICAS/pratica_1/PARTE_A/install/cpp_pubsub/share/cpp_pubsub/local_setup.dsv
[0.072s] -- Installing: /home/zi/Desktop/robotica/PRATICAS/pratica_1/PARTE_A/install/cpp_pubsub/share/cpp_pubsub/package.dsv
[0.072s] -- Up-to-date: /home/zi/Desktop/robotica/PRATICAS/pratica_1/PARTE_A/install/cpp_pubsub/share/ament_index/resource_index/packages/cpp_pubsub
[0.073s] -- Up-to-date: /home/zi/Desktop/robotica/PRATICAS/pratica_1/PARTE_A/install/cpp_pubsub/share/cpp_pubsub/cmake/cpp_pubsubConfig.cmake
[0.073s] -- Up-to-date: /home/zi/Desktop/robotica/PRATICAS/pratica_1/PARTE_A/install/cpp_pubsub/share/cpp_pubsub/cmake/cpp_pubsubConfig-version.cmake
[0.073s] -- Up-to-date: /home/zi/Desktop/robotica/PRATICAS/pratica_1/PARTE_A/install/cpp_pubsub/share/cpp_pubsub/package.xml
[0.074s] Invoked command in '/home/zi/Desktop/robotica/PRATICAS/pratica_1/PARTE_A/build/cpp_pubsub' returned '0': CMAKE_PREFIX_PATH=/opt/ros/humble /usr/bin/cmake --install /home/zi/Desktop/robotica/PRATICAS/pratica_1/PARTE_A/build/cpp_pubsub
