[0.007s] Invoking command in '/home/zi/Desktop/robotica/PRATICAS/pratica_1/PARTE_B/build/cpp_srvcli': CMAKE_PREFIX_PATH=/opt/ros/humble /usr/bin/cmake --build /home/zi/Desktop/robotica/PRATICAS/pratica_1/PARTE_B/build/cpp_srvcli -- -j8 -l8
[0.040s] [35m[1mConsolidate compiler generated dependencies of target client[0m
[0.040s] [35m[1mConsolidate compiler generated dependencies of target server[0m
[0.055s] [100%] Built target client
[0.055s] [100%] Built target server
[0.063s] Invoked command in '/home/zi/Desktop/robotica/PRATICAS/pratica_1/PARTE_B/build/cpp_srvcli' returned '0': CMAKE_PREFIX_PATH=/opt/ros/humble /usr/bin/cmake --build /home/zi/Desktop/robotica/PRATICAS/pratica_1/PARTE_B/build/cpp_srvcli -- -j8 -l8
[0.070s] Invoking command in '/home/zi/Desktop/robotica/PRATICAS/pratica_1/PARTE_B/build/cpp_srvcli': CMAKE_PREFIX_PATH=/opt/ros/humble /usr/bin/cmake --install /home/zi/Desktop/robotica/PRATICAS/pratica_1/PARTE_B/build/cpp_srvcli
[0.075s] -- Install configuration: ""
[0.075s] -- Up-to-date: /home/zi/Desktop/robotica/PRATICAS/pratica_1/PARTE_B/install/cpp_srvcli/lib/cpp_srvcli/server
[0.075s] -- Up-to-date: /home/zi/Desktop/robotica/PRATICAS/pratica_1/PARTE_B/install/cpp_srvcli/lib/cpp_srvcli/client
[0.076s] -- Up-to-date: /home/zi/Desktop/robotica/PRATICAS/pratica_1/PARTE_B/install/cpp_srvcli/share/ament_index/resource_index/package_run_dependencies/cpp_srvcli
[0.076s] -- Up-to-date: /home/zi/Desktop/robotica/PRATICAS/pratica_1/PARTE_B/install/cpp_srvcli/share/ament_index/resource_index/parent_prefix_path/cpp_srvcli
[0.076s] -- Up-to-date: /home/zi/Desktop/robotica/PRATICAS/pratica_1/PARTE_B/install/cpp_srvcli/share/cpp_srvcli/environment/ament_prefix_path.sh
[0.076s] -- Up-to-date: /home/zi/Desktop/robotica/PRATICAS/pratica_1/PARTE_B/install/cpp_srvcli/share/cpp_srvcli/environment/ament_prefix_path.dsv
[0.076s] -- Up-to-date: /home/zi/Desktop/robotica/PRATICAS/pratica_1/PARTE_B/install/cpp_srvcli/share/cpp_srvcli/environment/path.sh
[0.076s] -- Up-to-date: /home/zi/Desktop/robotica/PRATICAS/pratica_1/PARTE_B/install/cpp_srvcli/share/cpp_srvcli/environment/path.dsv
[0.076s] -- Up-to-date: /home/zi/Desktop/robotica/PRATICAS/pratica_1/PARTE_B/install/cpp_srvcli/share/cpp_srvcli/local_setup.bash
[0.076s] -- Up-to-date: /home/zi/Desktop/robotica/PRATICAS/pratica_1/PARTE_B/install/cpp_srvcli/share/cpp_srvcli/local_setup.sh
[0.076s] -- Up-to-date: /home/zi/Desktop/robotica/PRATICAS/pratica_1/PARTE_B/install/cpp_srvcli/share/cpp_srvcli/local_setup.zsh
[0.077s] -- Up-to-date: /home/zi/Desktop/robotica/PRATICAS/pratica_1/PARTE_B/install/cpp_srvcli/share/cpp_srvcli/local_setup.dsv
[0.077s] -- Installing: /home/zi/Desktop/robotica/PRATICAS/pratica_1/PARTE_B/install/cpp_srvcli/share/cpp_srvcli/package.dsv
[0.077s] -- Up-to-date: /home/zi/Desktop/robotica/PRATICAS/pratica_1/PARTE_B/install/cpp_srvcli/share/ament_index/resource_index/packages/cpp_srvcli
[0.077s] -- Up-to-date: /home/zi/Desktop/robotica/PRATICAS/pratica_1/PARTE_B/install/cpp_srvcli/share/cpp_srvcli/cmake/cpp_srvcliConfig.cmake
[0.077s] -- Up-to-date: /home/zi/Desktop/robotica/PRATICAS/pratica_1/PARTE_B/install/cpp_srvcli/share/cpp_srvcli/cmake/cpp_srvcliConfig-version.cmake
[0.077s] -- Up-to-date: /home/zi/Desktop/robotica/PRATICAS/pratica_1/PARTE_B/install/cpp_srvcli/share/cpp_srvcli/package.xml
[0.078s] Invoked command in '/home/zi/Desktop/robotica/PRATICAS/pratica_1/PARTE_B/build/cpp_srvcli' returned '0': CMAKE_PREFIX_PATH=/opt/ros/humble /usr/bin/cmake --install /home/zi/Desktop/robotica/PRATICAS/pratica_1/PARTE_B/build/cpp_srvcli
