[0.007s] Invoking command in '/home/zi/Desktop/robotica/PRATICAS/pratica_1/PARTE_C/build/more_interfaces': CMAKE_PREFIX_PATH=/opt/ros/humble /usr/bin/cmake --build /home/zi/Desktop/robotica/PRATICAS/pratica_1/PARTE_C/build/more_interfaces -- -j8 -l8
[0.046s] [  3%] Built target more_interfaces__cpp
[0.046s] [ 12%] Built target more_interfaces__rosidl_generator_c
[0.054s] [ 12%] Built target ament_cmake_python_copy_more_interfaces
[0.064s] [ 21%] Built target more_interfaces__rosidl_typesupport_c
[0.065s] [ 30%] Built target more_interfaces__rosidl_typesupport_introspection_cpp
[0.065s] [ 39%] Built target more_interfaces__rosidl_typesupport_fastrtps_cpp
[0.065s] [ 48%] Built target more_interfaces__rosidl_typesupport_introspection_c
[0.065s] [ 57%] Built target more_interfaces__rosidl_typesupport_fastrtps_c
[0.071s] [ 66%] Built target more_interfaces__rosidl_typesupport_cpp
[0.079s] [35m[1mConsolidate compiler generated dependencies of target publish_address_book[0m
[0.086s] [ 66%] Built target more_interfaces
[0.091s] [ 72%] Built target publish_address_book
[0.099s] [ 75%] Built target more_interfaces__py
[0.115s] [ 78%] [32mBuilding C object CMakeFiles/more_interfaces__rosidl_generator_py.dir/rosidl_generator_py/more_interfaces/msg/_address_book_s.c.o[0m
[0.222s] [ 81%] [32m[1mLinking C shared library rosidl_generator_py/more_interfaces/libmore_interfaces__rosidl_generator_py.so[0m
[0.251s] [ 81%] Built target more_interfaces__rosidl_generator_py
[0.266s] [ 87%] [32mBuilding C object CMakeFiles/more_interfaces__rosidl_typesupport_c__pyext.dir/rosidl_generator_py/more_interfaces/_more_interfaces_s.ep.rosidl_typesupport_c.c.o[0m
[0.266s] [ 87%] [32mBuilding C object CMakeFiles/more_interfaces__rosidl_typesupport_introspection_c__pyext.dir/rosidl_generator_py/more_interfaces/_more_interfaces_s.ep.rosidl_typesupport_introspection_c.c.o[0m
[0.267s] [ 90%] [32mBuilding C object CMakeFiles/more_interfaces__rosidl_typesupport_fastrtps_c__pyext.dir/rosidl_generator_py/more_interfaces/_more_interfaces_s.ep.rosidl_typesupport_fastrtps_c.c.o[0m
[0.336s] [ 96%] [32m[1mLinking C shared library rosidl_generator_py/more_interfaces/more_interfaces_s__rosidl_typesupport_introspection_c.cpython-310-x86_64-linux-gnu.so[0m
[0.336s] [ 96%] [32m[1mLinking C shared library rosidl_generator_py/more_interfaces/more_interfaces_s__rosidl_typesupport_c.cpython-310-x86_64-linux-gnu.so[0m
[0.340s] [100%] [32m[1mLinking C shared library rosidl_generator_py/more_interfaces/more_interfaces_s__rosidl_typesupport_fastrtps_c.cpython-310-x86_64-linux-gnu.so[0m
[0.355s] running egg_info
[0.362s] [100%] Built target more_interfaces__rosidl_typesupport_introspection_c__pyext
[0.362s] [100%] Built target more_interfaces__rosidl_typesupport_c__pyext
[0.365s] [100%] Built target more_interfaces__rosidl_typesupport_fastrtps_c__pyext
[0.369s] writing more_interfaces.egg-info/PKG-INFO
[0.369s] writing dependency_links to more_interfaces.egg-info/dependency_links.txt
[0.369s] writing top-level names to more_interfaces.egg-info/top_level.txt
[0.406s] reading manifest file 'more_interfaces.egg-info/SOURCES.txt'
[0.406s] writing manifest file 'more_interfaces.egg-info/SOURCES.txt'
[0.443s] [100%] Built target ament_cmake_python_build_more_interfaces_egg
[0.451s] Invoked command in '/home/zi/Desktop/robotica/PRATICAS/pratica_1/PARTE_C/build/more_interfaces' returned '0': CMAKE_PREFIX_PATH=/opt/ros/humble /usr/bin/cmake --build /home/zi/Desktop/robotica/PRATICAS/pratica_1/PARTE_C/build/more_interfaces -- -j8 -l8
[0.458s] Invoking command in '/home/zi/Desktop/robotica/PRATICAS/pratica_1/PARTE_C/build/more_interfaces': CMAKE_PREFIX_PATH=/opt/ros/humble /usr/bin/cmake --install /home/zi/Desktop/robotica/PRATICAS/pratica_1/PARTE_C/build/more_interfaces
[0.463s] -- Install configuration: ""
[0.464s] -- Installing: /home/zi/Desktop/robotica/PRATICAS/pratica_1/PARTE_C/install/more_interfaces/share/ament_index/resource_index/rosidl_interfaces/more_interfaces
[0.464s] -- Installing: /home/zi/Desktop/robotica/PRATICAS/pratica_1/PARTE_C/install/more_interfaces/include/more_interfaces/more_interfaces
[0.464s] -- Installing: /home/zi/Desktop/robotica/PRATICAS/pratica_1/PARTE_C/install/more_interfaces/include/more_interfaces/more_interfaces/msg
[0.464s] -- Installing: /home/zi/Desktop/robotica/PRATICAS/pratica_1/PARTE_C/install/more_interfaces/include/more_interfaces/more_interfaces/msg/address_book.h
[0.464s] -- Installing: /home/zi/Desktop/robotica/PRATICAS/pratica_1/PARTE_C/install/more_interfaces/include/more_interfaces/more_interfaces/msg/rosidl_generator_c__visibility_control.h
[0.464s] -- Installing: /home/zi/Desktop/robotica/PRATICAS/pratica_1/PARTE_C/install/more_interfaces/include/more_interfaces/more_interfaces/msg/detail
[0.464s] -- Installing: /home/zi/Desktop/robotica/PRATICAS/pratica_1/PARTE_C/install/more_interfaces/include/more_interfaces/more_interfaces/msg/detail/address_book__type_support.h
[0.464s] -- Installing: /home/zi/Desktop/robotica/PRATICAS/pratica_1/PARTE_C/install/more_interfaces/include/more_interfaces/more_interfaces/msg/detail/address_book__functions.c
[0.464s] -- Installing: /home/zi/Desktop/robotica/PRATICAS/pratica_1/PARTE_C/install/more_interfaces/include/more_interfaces/more_interfaces/msg/detail/address_book__struct.h
[0.464s] -- Installing: /home/zi/Desktop/robotica/PRATICAS/pratica_1/PARTE_C/install/more_interfaces/include/more_interfaces/more_interfaces/msg/detail/address_book__functions.h
[0.464s] -- Installing: /home/zi/Desktop/robotica/PRATICAS/pratica_1/PARTE_C/install/more_interfaces/share/more_interfaces/environment/library_path.sh
[0.464s] -- Installing: /home/zi/Desktop/robotica/PRATICAS/pratica_1/PARTE_C/install/more_interfaces/share/more_interfaces/environment/library_path.dsv
[0.465s] -- Installing: /home/zi/Desktop/robotica/PRATICAS/pratica_1/PARTE_C/install/more_interfaces/lib/libmore_interfaces__rosidl_generator_c.so
[0.465s] -- Set runtime path of "/home/zi/Desktop/robotica/PRATICAS/pratica_1/PARTE_C/install/more_interfaces/lib/libmore_interfaces__rosidl_generator_c.so" to ""
[0.465s] -- Up-to-date: /home/zi/Desktop/robotica/PRATICAS/pratica_1/PARTE_C/install/more_interfaces/include/more_interfaces/more_interfaces
[0.465s] -- Up-to-date: /home/zi/Desktop/robotica/PRATICAS/pratica_1/PARTE_C/install/more_interfaces/include/more_interfaces/more_interfaces/msg
[0.465s] -- Up-to-date: /home/zi/Desktop/robotica/PRATICAS/pratica_1/PARTE_C/install/more_interfaces/include/more_interfaces/more_interfaces/msg/detail
[0.465s] -- Installing: /home/zi/Desktop/robotica/PRATICAS/pratica_1/PARTE_C/install/more_interfaces/include/more_interfaces/more_interfaces/msg/detail/address_book__rosidl_typesupport_fastrtps_c.h
[0.465s] -- Installing: /home/zi/Desktop/robotica/PRATICAS/pratica_1/PARTE_C/install/more_interfaces/include/more_interfaces/more_interfaces/msg/rosidl_typesupport_fastrtps_c__visibility_control.h
[0.465s] -- Installing: /home/zi/Desktop/robotica/PRATICAS/pratica_1/PARTE_C/install/more_interfaces/lib/libmore_interfaces__rosidl_typesupport_fastrtps_c.so
[0.465s] -- Set runtime path of "/home/zi/Desktop/robotica/PRATICAS/pratica_1/PARTE_C/install/more_interfaces/lib/libmore_interfaces__rosidl_typesupport_fastrtps_c.so" to ""
[0.465s] -- Up-to-date: /home/zi/Desktop/robotica/PRATICAS/pratica_1/PARTE_C/install/more_interfaces/include/more_interfaces/more_interfaces
[0.465s] -- Up-to-date: /home/zi/Desktop/robotica/PRATICAS/pratica_1/PARTE_C/install/more_interfaces/include/more_interfaces/more_interfaces/msg
[0.465s] -- Installing: /home/zi/Desktop/robotica/PRATICAS/pratica_1/PARTE_C/install/more_interfaces/include/more_interfaces/more_interfaces/msg/rosidl_typesupport_introspection_c__visibility_control.h
[0.466s] -- Up-to-date: /home/zi/Desktop/robotica/PRATICAS/pratica_1/PARTE_C/install/more_interfaces/include/more_interfaces/more_interfaces/msg/detail
[0.466s] -- Installing: /home/zi/Desktop/robotica/PRATICAS/pratica_1/PARTE_C/install/more_interfaces/include/more_interfaces/more_interfaces/msg/detail/address_book__rosidl_typesupport_introspection_c.h
[0.466s] -- Installing: /home/zi/Desktop/robotica/PRATICAS/pratica_1/PARTE_C/install/more_interfaces/include/more_interfaces/more_interfaces/msg/detail/address_book__type_support.c
[0.466s] -- Installing: /home/zi/Desktop/robotica/PRATICAS/pratica_1/PARTE_C/install/more_interfaces/lib/libmore_interfaces__rosidl_typesupport_introspection_c.so
[0.466s] -- Set runtime path of "/home/zi/Desktop/robotica/PRATICAS/pratica_1/PARTE_C/install/more_interfaces/lib/libmore_interfaces__rosidl_typesupport_introspection_c.so" to ""
[0.466s] -- Installing: /home/zi/Desktop/robotica/PRATICAS/pratica_1/PARTE_C/install/more_interfaces/lib/libmore_interfaces__rosidl_typesupport_c.so
[0.466s] -- Set runtime path of "/home/zi/Desktop/robotica/PRATICAS/pratica_1/PARTE_C/install/more_interfaces/lib/libmore_interfaces__rosidl_typesupport_c.so" to ""
[0.466s] -- Up-to-date: /home/zi/Desktop/robotica/PRATICAS/pratica_1/PARTE_C/install/more_interfaces/include/more_interfaces/more_interfaces
[0.466s] -- Up-to-date: /home/zi/Desktop/robotica/PRATICAS/pratica_1/PARTE_C/install/more_interfaces/include/more_interfaces/more_interfaces/msg
[0.466s] -- Up-to-date: /home/zi/Desktop/robotica/PRATICAS/pratica_1/PARTE_C/install/more_interfaces/include/more_interfaces/more_interfaces/msg/detail
[0.466s] -- Installing: /home/zi/Desktop/robotica/PRATICAS/pratica_1/PARTE_C/install/more_interfaces/include/more_interfaces/more_interfaces/msg/detail/address_book__type_support.hpp
[0.466s] -- Installing: /home/zi/Desktop/robotica/PRATICAS/pratica_1/PARTE_C/install/more_interfaces/include/more_interfaces/more_interfaces/msg/detail/address_book__traits.hpp
[0.466s] -- Installing: /home/zi/Desktop/robotica/PRATICAS/pratica_1/PARTE_C/install/more_interfaces/include/more_interfaces/more_interfaces/msg/detail/address_book__builder.hpp
[0.466s] -- Installing: /home/zi/Desktop/robotica/PRATICAS/pratica_1/PARTE_C/install/more_interfaces/include/more_interfaces/more_interfaces/msg/detail/address_book__struct.hpp
[0.467s] -- Installing: /home/zi/Desktop/robotica/PRATICAS/pratica_1/PARTE_C/install/more_interfaces/include/more_interfaces/more_interfaces/msg/address_book.hpp
[0.467s] -- Installing: /home/zi/Desktop/robotica/PRATICAS/pratica_1/PARTE_C/install/more_interfaces/include/more_interfaces/more_interfaces/msg/rosidl_generator_cpp__visibility_control.hpp
[0.467s] -- Up-to-date: /home/zi/Desktop/robotica/PRATICAS/pratica_1/PARTE_C/install/more_interfaces/include/more_interfaces/more_interfaces
[0.467s] -- Up-to-date: /home/zi/Desktop/robotica/PRATICAS/pratica_1/PARTE_C/install/more_interfaces/include/more_interfaces/more_interfaces/msg
[0.467s] -- Installing: /home/zi/Desktop/robotica/PRATICAS/pratica_1/PARTE_C/install/more_interfaces/include/more_interfaces/more_interfaces/msg/rosidl_typesupport_fastrtps_cpp__visibility_control.h
[0.467s] -- Up-to-date: /home/zi/Desktop/robotica/PRATICAS/pratica_1/PARTE_C/install/more_interfaces/include/more_interfaces/more_interfaces/msg/detail
[0.467s] -- Installing: /home/zi/Desktop/robotica/PRATICAS/pratica_1/PARTE_C/install/more_interfaces/include/more_interfaces/more_interfaces/msg/detail/address_book__rosidl_typesupport_fastrtps_cpp.hpp
[0.467s] -- Installing: /home/zi/Desktop/robotica/PRATICAS/pratica_1/PARTE_C/install/more_interfaces/include/more_interfaces/more_interfaces/msg/detail/dds_fastrtps
[0.467s] -- Installing: /home/zi/Desktop/robotica/PRATICAS/pratica_1/PARTE_C/install/more_interfaces/lib/libmore_interfaces__rosidl_typesupport_fastrtps_cpp.so
[0.467s] -- Set runtime path of "/home/zi/Desktop/robotica/PRATICAS/pratica_1/PARTE_C/install/more_interfaces/lib/libmore_interfaces__rosidl_typesupport_fastrtps_cpp.so" to ""
[0.467s] -- Up-to-date: /home/zi/Desktop/robotica/PRATICAS/pratica_1/PARTE_C/install/more_interfaces/include/more_interfaces/more_interfaces
[0.467s] -- Up-to-date: /home/zi/Desktop/robotica/PRATICAS/pratica_1/PARTE_C/install/more_interfaces/include/more_interfaces/more_interfaces/msg
[0.467s] -- Up-to-date: /home/zi/Desktop/robotica/PRATICAS/pratica_1/PARTE_C/install/more_interfaces/include/more_interfaces/more_interfaces/msg/detail
[0.467s] -- Installing: /home/zi/Desktop/robotica/PRATICAS/pratica_1/PARTE_C/install/more_interfaces/include/more_interfaces/more_interfaces/msg/detail/address_book__type_support.cpp
[0.467s] -- Installing: /home/zi/Desktop/robotica/PRATICAS/pratica_1/PARTE_C/install/more_interfaces/include/more_interfaces/more_interfaces/msg/detail/address_book__rosidl_typesupport_introspection_cpp.hpp
[0.467s] -- Installing: /home/zi/Desktop/robotica/PRATICAS/pratica_1/PARTE_C/install/more_interfaces/lib/libmore_interfaces__rosidl_typesupport_introspection_cpp.so
[0.467s] -- Set runtime path of "/home/zi/Desktop/robotica/PRATICAS/pratica_1/PARTE_C/install/more_interfaces/lib/libmore_interfaces__rosidl_typesupport_introspection_cpp.so" to ""
[0.468s] -- Installing: /home/zi/Desktop/robotica/PRATICAS/pratica_1/PARTE_C/install/more_interfaces/lib/libmore_interfaces__rosidl_typesupport_cpp.so
[0.468s] -- Set runtime path of "/home/zi/Desktop/robotica/PRATICAS/pratica_1/PARTE_C/install/more_interfaces/lib/libmore_interfaces__rosidl_typesupport_cpp.so" to ""
[0.468s] -- Installing: /home/zi/Desktop/robotica/PRATICAS/pratica_1/PARTE_C/install/more_interfaces/share/more_interfaces/environment/pythonpath.sh
[0.468s] -- Installing: /home/zi/Desktop/robotica/PRATICAS/pratica_1/PARTE_C/install/more_interfaces/share/more_interfaces/environment/pythonpath.dsv
[0.468s] -- Installing: /home/zi/Desktop/robotica/PRATICAS/pratica_1/PARTE_C/install/more_interfaces/local/lib/python3.10/dist-packages/more_interfaces-0.0.0-py3.10.egg-info
[0.468s] -- Installing: /home/zi/Desktop/robotica/PRATICAS/pratica_1/PARTE_C/install/more_interfaces/local/lib/python3.10/dist-packages/more_interfaces-0.0.0-py3.10.egg-info/top_level.txt
[0.468s] -- Installing: /home/zi/Desktop/robotica/PRATICAS/pratica_1/PARTE_C/install/more_interfaces/local/lib/python3.10/dist-packages/more_interfaces-0.0.0-py3.10.egg-info/SOURCES.txt
[0.468s] -- Installing: /home/zi/Desktop/robotica/PRATICAS/pratica_1/PARTE_C/install/more_interfaces/local/lib/python3.10/dist-packages/more_interfaces-0.0.0-py3.10.egg-info/PKG-INFO
[0.468s] -- Installing: /home/zi/Desktop/robotica/PRATICAS/pratica_1/PARTE_C/install/more_interfaces/local/lib/python3.10/dist-packages/more_interfaces-0.0.0-py3.10.egg-info/dependency_links.txt
[0.468s] -- Installing: /home/zi/Desktop/robotica/PRATICAS/pratica_1/PARTE_C/install/more_interfaces/local/lib/python3.10/dist-packages/more_interfaces
[0.468s] -- Installing: /home/zi/Desktop/robotica/PRATICAS/pratica_1/PARTE_C/install/more_interfaces/local/lib/python3.10/dist-packages/more_interfaces/_more_interfaces_s.ep.rosidl_typesupport_fastrtps_c.c
[0.468s] -- Installing: /home/zi/Desktop/robotica/PRATICAS/pratica_1/PARTE_C/install/more_interfaces/local/lib/python3.10/dist-packages/more_interfaces/more_interfaces_s__rosidl_typesupport_fastrtps_c.cpython-310-x86_64-linux-gnu.so
[0.469s] -- Installing: /home/zi/Desktop/robotica/PRATICAS/pratica_1/PARTE_C/install/more_interfaces/local/lib/python3.10/dist-packages/more_interfaces/more_interfaces_s__rosidl_typesupport_c.cpython-310-x86_64-linux-gnu.so
[0.469s] -- Installing: /home/zi/Desktop/robotica/PRATICAS/pratica_1/PARTE_C/install/more_interfaces/local/lib/python3.10/dist-packages/more_interfaces/more_interfaces_s__rosidl_typesupport_introspection_c.cpython-310-x86_64-linux-gnu.so
[0.469s] -- Installing: /home/zi/Desktop/robotica/PRATICAS/pratica_1/PARTE_C/install/more_interfaces/local/lib/python3.10/dist-packages/more_interfaces/_more_interfaces_s.ep.rosidl_typesupport_c.c
[0.469s] -- Installing: /home/zi/Desktop/robotica/PRATICAS/pratica_1/PARTE_C/install/more_interfaces/local/lib/python3.10/dist-packages/more_interfaces/__init__.py
[0.469s] -- Installing: /home/zi/Desktop/robotica/PRATICAS/pratica_1/PARTE_C/install/more_interfaces/local/lib/python3.10/dist-packages/more_interfaces/msg
[0.469s] -- Installing: /home/zi/Desktop/robotica/PRATICAS/pratica_1/PARTE_C/install/more_interfaces/local/lib/python3.10/dist-packages/more_interfaces/msg/_address_book_s.c
[0.469s] -- Installing: /home/zi/Desktop/robotica/PRATICAS/pratica_1/PARTE_C/install/more_interfaces/local/lib/python3.10/dist-packages/more_interfaces/msg/_address_book.py
[0.469s] -- Installing: /home/zi/Desktop/robotica/PRATICAS/pratica_1/PARTE_C/install/more_interfaces/local/lib/python3.10/dist-packages/more_interfaces/msg/__init__.py
[0.469s] -- Installing: /home/zi/Desktop/robotica/PRATICAS/pratica_1/PARTE_C/install/more_interfaces/local/lib/python3.10/dist-packages/more_interfaces/_more_interfaces_s.ep.rosidl_typesupport_introspection_c.c
[0.469s] -- Installing: /home/zi/Desktop/robotica/PRATICAS/pratica_1/PARTE_C/install/more_interfaces/local/lib/python3.10/dist-packages/more_interfaces/libmore_interfaces__rosidl_generator_py.so
[0.495s] Listing '/home/zi/Desktop/robotica/PRATICAS/pratica_1/PARTE_C/install/more_interfaces/local/lib/python3.10/dist-packages/more_interfaces'...
[0.495s] Compiling '/home/zi/Desktop/robotica/PRATICAS/pratica_1/PARTE_C/install/more_interfaces/local/lib/python3.10/dist-packages/more_interfaces/__init__.py'...
[0.495s] Listing '/home/zi/Desktop/robotica/PRATICAS/pratica_1/PARTE_C/install/more_interfaces/local/lib/python3.10/dist-packages/more_interfaces/msg'...
[0.495s] Compiling '/home/zi/Desktop/robotica/PRATICAS/pratica_1/PARTE_C/install/more_interfaces/local/lib/python3.10/dist-packages/more_interfaces/msg/__init__.py'...
[0.495s] Compiling '/home/zi/Desktop/robotica/PRATICAS/pratica_1/PARTE_C/install/more_interfaces/local/lib/python3.10/dist-packages/more_interfaces/msg/_address_book.py'...
[0.499s] -- Installing: /home/zi/Desktop/robotica/PRATICAS/pratica_1/PARTE_C/install/more_interfaces/local/lib/python3.10/dist-packages/more_interfaces/more_interfaces_s__rosidl_typesupport_fastrtps_c.cpython-310-x86_64-linux-gnu.so
[0.499s] -- Set runtime path of "/home/zi/Desktop/robotica/PRATICAS/pratica_1/PARTE_C/install/more_interfaces/local/lib/python3.10/dist-packages/more_interfaces/more_interfaces_s__rosidl_typesupport_fastrtps_c.cpython-310-x86_64-linux-gnu.so" to ""
[0.499s] -- Installing: /home/zi/Desktop/robotica/PRATICAS/pratica_1/PARTE_C/install/more_interfaces/local/lib/python3.10/dist-packages/more_interfaces/more_interfaces_s__rosidl_typesupport_introspection_c.cpython-310-x86_64-linux-gnu.so
[0.499s] -- Set runtime path of "/home/zi/Desktop/robotica/PRATICAS/pratica_1/PARTE_C/install/more_interfaces/local/lib/python3.10/dist-packages/more_interfaces/more_interfaces_s__rosidl_typesupport_introspection_c.cpython-310-x86_64-linux-gnu.so" to ""
[0.500s] -- Installing: /home/zi/Desktop/robotica/PRATICAS/pratica_1/PARTE_C/install/more_interfaces/local/lib/python3.10/dist-packages/more_interfaces/more_interfaces_s__rosidl_typesupport_c.cpython-310-x86_64-linux-gnu.so
[0.500s] -- Set runtime path of "/home/zi/Desktop/robotica/PRATICAS/pratica_1/PARTE_C/install/more_interfaces/local/lib/python3.10/dist-packages/more_interfaces/more_interfaces_s__rosidl_typesupport_c.cpython-310-x86_64-linux-gnu.so" to ""
[0.500s] -- Installing: /home/zi/Desktop/robotica/PRATICAS/pratica_1/PARTE_C/install/more_interfaces/lib/libmore_interfaces__rosidl_generator_py.so
[0.500s] -- Set runtime path of "/home/zi/Desktop/robotica/PRATICAS/pratica_1/PARTE_C/install/more_interfaces/lib/libmore_interfaces__rosidl_generator_py.so" to ""
[0.500s] -- Installing: /home/zi/Desktop/robotica/PRATICAS/pratica_1/PARTE_C/install/more_interfaces/share/more_interfaces/msg/AddressBook.idl
[0.500s] -- Installing: /home/zi/Desktop/robotica/PRATICAS/pratica_1/PARTE_C/install/more_interfaces/share/more_interfaces/msg/AddressBook.msg
[0.500s] -- Installing: /home/zi/Desktop/robotica/PRATICAS/pratica_1/PARTE_C/install/more_interfaces/lib/more_interfaces/publish_address_book
[0.501s] -- Set runtime path of "/home/zi/Desktop/robotica/PRATICAS/pratica_1/PARTE_C/install/more_interfaces/lib/more_interfaces/publish_address_book" to ""
[0.501s] -- Installing: /home/zi/Desktop/robotica/PRATICAS/pratica_1/PARTE_C/install/more_interfaces/share/ament_index/resource_index/package_run_dependencies/more_interfaces
[0.501s] -- Installing: /home/zi/Desktop/robotica/PRATICAS/pratica_1/PARTE_C/install/more_interfaces/share/ament_index/resource_index/parent_prefix_path/more_interfaces
[0.501s] -- Installing: /home/zi/Desktop/robotica/PRATICAS/pratica_1/PARTE_C/install/more_interfaces/share/more_interfaces/environment/ament_prefix_path.sh
[0.502s] -- Installing: /home/zi/Desktop/robotica/PRATICAS/pratica_1/PARTE_C/install/more_interfaces/share/more_interfaces/environment/ament_prefix_path.dsv
[0.502s] -- Installing: /home/zi/Desktop/robotica/PRATICAS/pratica_1/PARTE_C/install/more_interfaces/share/more_interfaces/environment/path.sh
[0.502s] -- Installing: /home/zi/Desktop/robotica/PRATICAS/pratica_1/PARTE_C/install/more_interfaces/share/more_interfaces/environment/path.dsv
[0.502s] -- Installing: /home/zi/Desktop/robotica/PRATICAS/pratica_1/PARTE_C/install/more_interfaces/share/more_interfaces/local_setup.bash
[0.502s] -- Installing: /home/zi/Desktop/robotica/PRATICAS/pratica_1/PARTE_C/install/more_interfaces/share/more_interfaces/local_setup.sh
[0.502s] -- Installing: /home/zi/Desktop/robotica/PRATICAS/pratica_1/PARTE_C/install/more_interfaces/share/more_interfaces/local_setup.zsh
[0.502s] -- Installing: /home/zi/Desktop/robotica/PRATICAS/pratica_1/PARTE_C/install/more_interfaces/share/more_interfaces/local_setup.dsv
[0.502s] -- Installing: /home/zi/Desktop/robotica/PRATICAS/pratica_1/PARTE_C/install/more_interfaces/share/more_interfaces/package.dsv
[0.502s] -- Installing: /home/zi/Desktop/robotica/PRATICAS/pratica_1/PARTE_C/install/more_interfaces/share/ament_index/resource_index/packages/more_interfaces
[0.502s] -- Installing: /home/zi/Desktop/robotica/PRATICAS/pratica_1/PARTE_C/install/more_interfaces/share/more_interfaces/cmake/export_more_interfaces__rosidl_generator_cExport.cmake
[0.502s] -- Installing: /home/zi/Desktop/robotica/PRATICAS/pratica_1/PARTE_C/install/more_interfaces/share/more_interfaces/cmake/export_more_interfaces__rosidl_generator_cExport-noconfig.cmake
[0.502s] -- Installing: /home/zi/Desktop/robotica/PRATICAS/pratica_1/PARTE_C/install/more_interfaces/share/more_interfaces/cmake/export_more_interfaces__rosidl_typesupport_fastrtps_cExport.cmake
[0.503s] -- Installing: /home/zi/Desktop/robotica/PRATICAS/pratica_1/PARTE_C/install/more_interfaces/share/more_interfaces/cmake/export_more_interfaces__rosidl_typesupport_fastrtps_cExport-noconfig.cmake
[0.503s] -- Installing: /home/zi/Desktop/robotica/PRATICAS/pratica_1/PARTE_C/install/more_interfaces/share/more_interfaces/cmake/more_interfaces__rosidl_typesupport_introspection_cExport.cmake
[0.503s] -- Installing: /home/zi/Desktop/robotica/PRATICAS/pratica_1/PARTE_C/install/more_interfaces/share/more_interfaces/cmake/more_interfaces__rosidl_typesupport_introspection_cExport-noconfig.cmake
[0.503s] -- Installing: /home/zi/Desktop/robotica/PRATICAS/pratica_1/PARTE_C/install/more_interfaces/share/more_interfaces/cmake/more_interfaces__rosidl_typesupport_cExport.cmake
[0.503s] -- Installing: /home/zi/Desktop/robotica/PRATICAS/pratica_1/PARTE_C/install/more_interfaces/share/more_interfaces/cmake/more_interfaces__rosidl_typesupport_cExport-noconfig.cmake
[0.503s] -- Installing: /home/zi/Desktop/robotica/PRATICAS/pratica_1/PARTE_C/install/more_interfaces/share/more_interfaces/cmake/export_more_interfaces__rosidl_generator_cppExport.cmake
[0.503s] -- Installing: /home/zi/Desktop/robotica/PRATICAS/pratica_1/PARTE_C/install/more_interfaces/share/more_interfaces/cmake/export_more_interfaces__rosidl_typesupport_fastrtps_cppExport.cmake
[0.503s] -- Installing: /home/zi/Desktop/robotica/PRATICAS/pratica_1/PARTE_C/install/more_interfaces/share/more_interfaces/cmake/export_more_interfaces__rosidl_typesupport_fastrtps_cppExport-noconfig.cmake
[0.503s] -- Installing: /home/zi/Desktop/robotica/PRATICAS/pratica_1/PARTE_C/install/more_interfaces/share/more_interfaces/cmake/more_interfaces__rosidl_typesupport_introspection_cppExport.cmake
[0.503s] -- Installing: /home/zi/Desktop/robotica/PRATICAS/pratica_1/PARTE_C/install/more_interfaces/share/more_interfaces/cmake/more_interfaces__rosidl_typesupport_introspection_cppExport-noconfig.cmake
[0.504s] -- Installing: /home/zi/Desktop/robotica/PRATICAS/pratica_1/PARTE_C/install/more_interfaces/share/more_interfaces/cmake/more_interfaces__rosidl_typesupport_cppExport.cmake
[0.504s] -- Installing: /home/zi/Desktop/robotica/PRATICAS/pratica_1/PARTE_C/install/more_interfaces/share/more_interfaces/cmake/more_interfaces__rosidl_typesupport_cppExport-noconfig.cmake
[0.504s] -- Installing: /home/zi/Desktop/robotica/PRATICAS/pratica_1/PARTE_C/install/more_interfaces/share/more_interfaces/cmake/export_more_interfaces__rosidl_generator_pyExport.cmake
[0.504s] -- Installing: /home/zi/Desktop/robotica/PRATICAS/pratica_1/PARTE_C/install/more_interfaces/share/more_interfaces/cmake/export_more_interfaces__rosidl_generator_pyExport-noconfig.cmake
[0.504s] -- Installing: /home/zi/Desktop/robotica/PRATICAS/pratica_1/PARTE_C/install/more_interfaces/share/more_interfaces/cmake/rosidl_cmake-extras.cmake
[0.504s] -- Installing: /home/zi/Desktop/robotica/PRATICAS/pratica_1/PARTE_C/install/more_interfaces/share/more_interfaces/cmake/ament_cmake_export_include_directories-extras.cmake
[0.504s] -- Installing: /home/zi/Desktop/robotica/PRATICAS/pratica_1/PARTE_C/install/more_interfaces/share/more_interfaces/cmake/ament_cmake_export_libraries-extras.cmake
[0.504s] -- Installing: /home/zi/Desktop/robotica/PRATICAS/pratica_1/PARTE_C/install/more_interfaces/share/more_interfaces/cmake/ament_cmake_export_targets-extras.cmake
[0.504s] -- Installing: /home/zi/Desktop/robotica/PRATICAS/pratica_1/PARTE_C/install/more_interfaces/share/more_interfaces/cmake/rosidl_cmake_export_typesupport_targets-extras.cmake
[0.504s] -- Installing: /home/zi/Desktop/robotica/PRATICAS/pratica_1/PARTE_C/install/more_interfaces/share/more_interfaces/cmake/ament_cmake_export_dependencies-extras.cmake
[0.504s] -- Installing: /home/zi/Desktop/robotica/PRATICAS/pratica_1/PARTE_C/install/more_interfaces/share/more_interfaces/cmake/rosidl_cmake_export_typesupport_libraries-extras.cmake
[0.505s] -- Installing: /home/zi/Desktop/robotica/PRATICAS/pratica_1/PARTE_C/install/more_interfaces/share/more_interfaces/cmake/more_interfacesConfig.cmake
[0.505s] -- Installing: /home/zi/Desktop/robotica/PRATICAS/pratica_1/PARTE_C/install/more_interfaces/share/more_interfaces/cmake/more_interfacesConfig-version.cmake
[0.505s] -- Installing: /home/zi/Desktop/robotica/PRATICAS/pratica_1/PARTE_C/install/more_interfaces/share/more_interfaces/package.xml
[0.507s] Invoked command in '/home/zi/Desktop/robotica/PRATICAS/pratica_1/PARTE_C/build/more_interfaces' returned '0': CMAKE_PREFIX_PATH=/opt/ros/humble /usr/bin/cmake --install /home/zi/Desktop/robotica/PRATICAS/pratica_1/PARTE_C/build/more_interfaces
