[0.007s] Invoking command in '/home/zi/Desktop/robotica/PRATICAS/pratica_1/PARTE_B/build/cpp_srvcli': CMAKE_PREFIX_PATH=/opt/ros/humble /usr/bin/cmake /home/zi/Desktop/robotica/PRATICAS/pratica_1/PARTE_B/src/cpp_srvcli -DCMAKE_INSTALL_PREFIX=/home/zi/Desktop/robotica/PRATICAS/pratica_1/PARTE_B/install/cpp_srvcli
[0.046s] -- The C compiler identification is GNU 11.4.0
[0.087s] -- The CXX compiler identification is GNU 11.4.0
[0.092s] -- Detecting C compiler ABI info
[0.139s] -- Detecting C compiler ABI info - done
[0.145s] -- Check for working C compiler: /usr/bin/cc - skipped
[0.145s] -- Detecting C compile features
[0.145s] -- Detecting C compile features - done
[0.148s] -- Detecting CXX compiler ABI info
[0.205s] -- Detecting CXX compiler ABI info - done
[0.213s] -- Check for working CXX compiler: /usr/bin/c++ - skipped
[0.213s] -- Detecting CXX compile features
[0.214s] -- Detecting CXX compile features - done
[0.216s] -- Found ament_cmake: 1.3.12 (/opt/ros/humble/share/ament_cmake/cmake)
[0.541s] -- Found Python3: /usr/bin/python3 (found version "3.10.12") found components: Interpreter 
[0.609s] -- Found rclcpp: 16.0.14 (/opt/ros/humble/share/rclcpp/cmake)
[0.638s] -- Found rosidl_generator_c: 3.1.7 (/opt/ros/humble/share/rosidl_generator_c/cmake)
[0.641s] -- Found rosidl_adapter: 3.1.7 (/opt/ros/humble/share/rosidl_adapter/cmake)
[0.647s] -- Found rosidl_generator_cpp: 3.1.7 (/opt/ros/humble/share/rosidl_generator_cpp/cmake)
[0.656s] -- Using all available rosidl_typesupport_c: rosidl_typesupport_fastrtps_c;rosidl_typesupport_introspection_c
[0.668s] -- Using all available rosidl_typesupport_cpp: rosidl_typesupport_fastrtps_cpp;rosidl_typesupport_introspection_cpp
[0.698s] -- Found rmw_implementation_cmake: 6.1.2 (/opt/ros/humble/share/rmw_implementation_cmake/cmake)
[0.700s] -- Found rmw_fastrtps_cpp: 6.2.8 (/opt/ros/humble/share/rmw_fastrtps_cpp/cmake)
[0.758s] -- Found OpenSSL: /usr/lib/x86_64-linux-gnu/libcrypto.so (found version "3.0.2")  
[0.776s] -- Found FastRTPS: /opt/ros/humble/include  
[0.803s] -- Using RMW implementation 'rmw_fastrtps_cpp' as default
[0.809s] -- Looking for pthread.h
[0.860s] -- Looking for pthread.h - found
[0.861s] -- Performing Test CMAKE_HAVE_LIBC_PTHREAD
[0.912s] -- Performing Test CMAKE_HAVE_LIBC_PTHREAD - Success
[0.913s] -- Found Threads: TRUE  
[0.965s] -- Found example_interfaces: 0.9.3 (/opt/ros/humble/share/example_interfaces/cmake)
[1.065s] -- Configuring done
[1.078s] -- Generating done
[1.084s] -- Build files have been written to: /home/zi/Desktop/robotica/PRATICAS/pratica_1/PARTE_B/build/cpp_srvcli
[1.090s] Invoked command in '/home/zi/Desktop/robotica/PRATICAS/pratica_1/PARTE_B/build/cpp_srvcli' returned '0': CMAKE_PREFIX_PATH=/opt/ros/humble /usr/bin/cmake /home/zi/Desktop/robotica/PRATICAS/pratica_1/PARTE_B/src/cpp_srvcli -DCMAKE_INSTALL_PREFIX=/home/zi/Desktop/robotica/PRATICAS/pratica_1/PARTE_B/install/cpp_srvcli
[1.092s] Invoking command in '/home/zi/Desktop/robotica/PRATICAS/pratica_1/PARTE_B/build/cpp_srvcli': CMAKE_PREFIX_PATH=/opt/ros/humble /usr/bin/cmake --build /home/zi/Desktop/robotica/PRATICAS/pratica_1/PARTE_B/build/cpp_srvcli -- -j8 -l8
[1.128s] [ 25%] [32mBuilding CXX object CMakeFiles/client.dir/src/add_two_ints_client.cpp.o[0m
[1.128s] [ 50%] [32mBuilding CXX object CMakeFiles/server.dir/src/add_two_ints_server.cpp.o[0m
[3.873s] [ 75%] [32m[1mLinking CXX executable client[0m
[3.885s] [100%] [32m[1mLinking CXX executable server[0m
[4.019s] [100%] Built target client
[4.024s] [100%] Built target server
[4.033s] Invoked command in '/home/zi/Desktop/robotica/PRATICAS/pratica_1/PARTE_B/build/cpp_srvcli' returned '0': CMAKE_PREFIX_PATH=/opt/ros/humble /usr/bin/cmake --build /home/zi/Desktop/robotica/PRATICAS/pratica_1/PARTE_B/build/cpp_srvcli -- -j8 -l8
[4.042s] Invoking command in '/home/zi/Desktop/robotica/PRATICAS/pratica_1/PARTE_B/build/cpp_srvcli': CMAKE_PREFIX_PATH=/opt/ros/humble /usr/bin/cmake --install /home/zi/Desktop/robotica/PRATICAS/pratica_1/PARTE_B/build/cpp_srvcli
[4.046s] -- Install configuration: ""
[4.047s] -- Installing: /home/zi/Desktop/robotica/PRATICAS/pratica_1/PARTE_B/install/cpp_srvcli/lib/cpp_srvcli/server
[4.047s] -- Set runtime path of "/home/zi/Desktop/robotica/PRATICAS/pratica_1/PARTE_B/install/cpp_srvcli/lib/cpp_srvcli/server" to ""
[4.047s] -- Installing: /home/zi/Desktop/robotica/PRATICAS/pratica_1/PARTE_B/install/cpp_srvcli/lib/cpp_srvcli/client
[4.048s] -- Set runtime path of "/home/zi/Desktop/robotica/PRATICAS/pratica_1/PARTE_B/install/cpp_srvcli/lib/cpp_srvcli/client" to ""
[4.048s] -- Installing: /home/zi/Desktop/robotica/PRATICAS/pratica_1/PARTE_B/install/cpp_srvcli/share/ament_index/resource_index/package_run_dependencies/cpp_srvcli
[4.048s] -- Installing: /home/zi/Desktop/robotica/PRATICAS/pratica_1/PARTE_B/install/cpp_srvcli/share/ament_index/resource_index/parent_prefix_path/cpp_srvcli
[4.048s] -- Installing: /home/zi/Desktop/robotica/PRATICAS/pratica_1/PARTE_B/install/cpp_srvcli/share/cpp_srvcli/environment/ament_prefix_path.sh
[4.048s] -- Installing: /home/zi/Desktop/robotica/PRATICAS/pratica_1/PARTE_B/install/cpp_srvcli/share/cpp_srvcli/environment/ament_prefix_path.dsv
[4.048s] -- Installing: /home/zi/Desktop/robotica/PRATICAS/pratica_1/PARTE_B/install/cpp_srvcli/share/cpp_srvcli/environment/path.sh
[4.048s] -- Installing: /home/zi/Desktop/robotica/PRATICAS/pratica_1/PARTE_B/install/cpp_srvcli/share/cpp_srvcli/environment/path.dsv
[4.049s] -- Installing: /home/zi/Desktop/robotica/PRATICAS/pratica_1/PARTE_B/install/cpp_srvcli/share/cpp_srvcli/local_setup.bash
[4.049s] -- Installing: /home/zi/Desktop/robotica/PRATICAS/pratica_1/PARTE_B/install/cpp_srvcli/share/cpp_srvcli/local_setup.sh
[4.049s] -- Installing: /home/zi/Desktop/robotica/PRATICAS/pratica_1/PARTE_B/install/cpp_srvcli/share/cpp_srvcli/local_setup.zsh
[4.049s] -- Installing: /home/zi/Desktop/robotica/PRATICAS/pratica_1/PARTE_B/install/cpp_srvcli/share/cpp_srvcli/local_setup.dsv
[4.049s] -- Installing: /home/zi/Desktop/robotica/PRATICAS/pratica_1/PARTE_B/install/cpp_srvcli/share/cpp_srvcli/package.dsv
[4.050s] -- Installing: /home/zi/Desktop/robotica/PRATICAS/pratica_1/PARTE_B/install/cpp_srvcli/share/ament_index/resource_index/packages/cpp_srvcli
[4.050s] -- Installing: /home/zi/Desktop/robotica/PRATICAS/pratica_1/PARTE_B/install/cpp_srvcli/share/cpp_srvcli/cmake/cpp_srvcliConfig.cmake
[4.050s] -- Installing: /home/zi/Desktop/robotica/PRATICAS/pratica_1/PARTE_B/install/cpp_srvcli/share/cpp_srvcli/cmake/cpp_srvcliConfig-version.cmake
[4.050s] -- Installing: /home/zi/Desktop/robotica/PRATICAS/pratica_1/PARTE_B/install/cpp_srvcli/share/cpp_srvcli/package.xml
[4.051s] Invoked command in '/home/zi/Desktop/robotica/PRATICAS/pratica_1/PARTE_B/build/cpp_srvcli' returned '0': CMAKE_PREFIX_PATH=/opt/ros/humble /usr/bin/cmake --install /home/zi/Desktop/robotica/PRATICAS/pratica_1/PARTE_B/build/cpp_srvcli
